<?xml version="1.0" encoding="UTF-8"?>
<coverage generated="1716406432871" clover="3.2.0">
  <project timestamp="1716406432871" name="All files">
    <metrics statements="26" coveredstatements="22" conditionals="0" coveredconditionals="0" methods="14" coveredmethods="12" elements="40" coveredelements="34" complexity="0" loc="26" ncloc="26" packages="4" files="6" classes="6"/>
    <package name="controller.constants.apiConstants">
      <metrics statements="3" coveredstatements="3" conditionals="0" coveredconditionals="0" methods="0" coveredmethods="0"/>
      <file name="ModelConstant.js" path="/Users/halil/Documents/software/case/nodejs/controller/constants/apiConstants/ModelConstant.js">
        <metrics statements="3" coveredstatements="3" conditionals="0" coveredconditionals="0" methods="0" coveredmethods="0"/>
        <line num="2" count="3" type="stmt"/>
        <line num="3" count="3" type="stmt"/>
        <line num="4" count="3" type="stmt"/>
      </file>
    </package>
    <package name="controller.dataAccess.services">
      <metrics statements="10" coveredstatements="8" conditionals="0" coveredconditionals="0" methods="7" coveredmethods="6"/>
      <file name="GenreService.js" path="/Users/halil/Documents/software/case/nodejs/controller/dataAccess/services/GenreService.js">
        <metrics statements="2" coveredstatements="2" conditionals="0" coveredconditionals="0" methods="2" coveredmethods="2"/>
        <line num="6" count="5" type="stmt"/>
        <line num="10" count="1" type="stmt"/>
      </file>
      <file name="MovieService.js" path="/Users/halil/Documents/software/case/nodejs/controller/dataAccess/services/MovieService.js">
        <metrics statements="8" coveredstatements="6" conditionals="0" coveredconditionals="0" methods="5" coveredmethods="4"/>
        <line num="6" count="7" type="stmt"/>
        <line num="10" count="1" type="stmt"/>
        <line num="14" count="1" type="stmt"/>
        <line num="17" count="1" type="stmt"/>
        <line num="20" count="0" type="stmt"/>
        <line num="23" count="0" type="stmt"/>
        <line num="26" count="1" type="stmt"/>
        <line num="29" count="1" type="stmt"/>
      </file>
    </package>
    <package name="core.dataAccess.mongoose">
      <metrics statements="11" coveredstatements="9" conditionals="0" coveredconditionals="0" methods="7" coveredmethods="6"/>
      <file name="RepositoryBase.js" path="/Users/halil/Documents/software/case/nodejs/core/dataAccess/mongoose/RepositoryBase.js">
        <metrics statements="11" coveredstatements="9" conditionals="0" coveredconditionals="0" methods="7" coveredmethods="6"/>
        <line num="3" count="17" type="stmt"/>
        <line num="7" count="3" type="stmt"/>
        <line num="8" count="3" type="stmt"/>
        <line num="12" count="3" type="stmt"/>
        <line num="16" count="1" type="stmt"/>
        <line num="20" count="3" type="stmt"/>
        <line num="21" count="3" type="stmt"/>
        <line num="25" count="0" type="stmt"/>
        <line num="26" count="0" type="stmt"/>
        <line num="30" count="3" type="stmt"/>
        <line num="31" count="3" type="stmt"/>
      </file>
    </package>
    <package name="model.entities">
      <metrics statements="2" coveredstatements="2" conditionals="0" coveredconditionals="0" methods="0" coveredmethods="0"/>
      <file name="Genre.js" path="/Users/halil/Documents/software/case/nodejs/model/entities/Genre.js">
        <metrics statements="1" coveredstatements="1" conditionals="0" coveredconditionals="0" methods="0" coveredmethods="0"/>
        <line num="4" count="2" type="stmt"/>
      </file>
      <file name="Movie.js" path="/Users/halil/Documents/software/case/nodejs/model/entities/Movie.js">
        <metrics statements="1" coveredstatements="1" conditionals="0" coveredconditionals="0" methods="0" coveredmethods="0"/>
        <line num="4" count="1" type="stmt"/>
      </file>
    </package>
  </project>
</coverage>
