{"/Users/halil/Documents/software/case/nodejs/controller/constants/apiConstants/ModelConstant.js": {"path":"/Users/halil/Documents/software/case/nodejs/controller/constants/apiConstants/ModelConstant.js","statementMap":{"0":{"start":{"line":2,"column":19},"end":{"line":2,"column":35}},"1":{"start":{"line":3,"column":19},"end":{"line":3,"column":26}},"2":{"start":{"line":4,"column":18},"end":{"line":4,"column":24}}},"fnMap":{},"branchMap":{},"s":{"0":3,"1":3,"2":3},"f":{},"b":{},"inputSourceMap":null,"_coverageSchema":"1a1c01bbd47fc00a2c39e90264f33305004495a9","hash":"9c3715b5d8ad2f279f94a0315155088b90c8c9ea"}
,"/Users/halil/Documents/software/case/nodejs/controller/dataAccess/services/GenreService.js": {"path":"/Users/halil/Documents/software/case/nodejs/controller/dataAccess/services/GenreService.js","statementMap":{"0":{"start":{"line":6,"column":8},"end":{"line":6,"column":21}},"1":{"start":{"line":10,"column":8},"end":{"line":10,"column":44}}},"fnMap":{"0":{"name":"(anonymous_0)","decl":{"start":{"line":5,"column":4},"end":{"line":5,"column":5}},"loc":{"start":{"line":5,"column":18},"end":{"line":7,"column":5}},"line":5},"1":{"name":"(anonymous_1)","decl":{"start":{"line":9,"column":4},"end":{"line":9,"column":5}},"loc":{"start":{"line":9,"column":28},"end":{"line":11,"column":5}},"line":9}},"branchMap":{},"s":{"0":5,"1":1},"f":{"0":5,"1":1},"b":{},"inputSourceMap":null,"_coverageSchema":"1a1c01bbd47fc00a2c39e90264f33305004495a9","hash":"adbc2829e9566f773c618d38471320140bf47605"}
,"/Users/halil/Documents/software/case/nodejs/controller/dataAccess/services/MovieService.js": {"path":"/Users/halil/Documents/software/case/nodejs/controller/dataAccess/services/MovieService.js","statementMap":{"0":{"start":{"line":6,"column":8},"end":{"line":6,"column":21}},"1":{"start":{"line":10,"column":8},"end":{"line":10,"column":44}},"2":{"start":{"line":14,"column":24},"end":{"line":16,"column":31}},"3":{"start":{"line":17,"column":8},"end":{"line":17,"column":23}},"4":{"start":{"line":20,"column":24},"end":{"line":22,"column":31}},"5":{"start":{"line":23,"column":8},"end":{"line":23,"column":23}},"6":{"start":{"line":26,"column":24},"end":{"line":28,"column":31}},"7":{"start":{"line":29,"column":8},"end":{"line":29,"column":23}}},"fnMap":{"0":{"name":"(anonymous_0)","decl":{"start":{"line":5,"column":4},"end":{"line":5,"column":5}},"loc":{"start":{"line":5,"column":18},"end":{"line":7,"column":5}},"line":5},"1":{"name":"(anonymous_1)","decl":{"start":{"line":9,"column":4},"end":{"line":9,"column":5}},"loc":{"start":{"line":9,"column":28},"end":{"line":11,"column":5}},"line":9},"2":{"name":"(anonymous_2)","decl":{"start":{"line":13,"column":4},"end":{"line":13,"column":5}},"loc":{"start":{"line":13,"column":16},"end":{"line":18,"column":5}},"line":13},"3":{"name":"(anonymous_3)","decl":{"start":{"line":19,"column":4},"end":{"line":19,"column":5}},"loc":{"start":{"line":19,"column":31},"end":{"line":24,"column":5}},"line":19},"4":{"name":"(anonymous_4)","decl":{"start":{"line":25,"column":4},"end":{"line":25,"column":5}},"loc":{"start":{"line":25,"column":19},"end":{"line":30,"column":5}},"line":25}},"branchMap":{},"s":{"0":7,"1":1,"2":1,"3":1,"4":0,"5":0,"6":1,"7":1},"f":{"0":7,"1":1,"2":1,"3":0,"4":1},"b":{},"inputSourceMap":null,"_coverageSchema":"1a1c01bbd47fc00a2c39e90264f33305004495a9","hash":"7d1943d561f5fba1f0b935b0a1bc40579cc9d9ce"}
,"/Users/halil/Documents/software/case/nodejs/core/dataAccess/mongoose/RepositoryBase.js": {"path":"/Users/halil/Documents/software/case/nodejs/core/dataAccess/mongoose/RepositoryBase.js","statementMap":{"0":{"start":{"line":3,"column":8},"end":{"line":3,"column":27}},"1":{"start":{"line":7,"column":28},"end":{"line":7,"column":50}},"2":{"start":{"line":8,"column":8},"end":{"line":8,"column":34}},"3":{"start":{"line":12,"column":8},"end":{"line":12,"column":47}},"4":{"start":{"line":16,"column":8},"end":{"line":16,"column":54}},"5":{"start":{"line":20,"column":24},"end":{"line":20,"column":41}},"6":{"start":{"line":21,"column":8},"end":{"line":21,"column":23}},"7":{"start":{"line":25,"column":24},"end":{"line":25,"column":50}},"8":{"start":{"line":26,"column":8},"end":{"line":26,"column":23}},"9":{"start":{"line":30,"column":24},"end":{"line":30,"column":47}},"10":{"start":{"line":31,"column":8},"end":{"line":31,"column":23}}},"fnMap":{"0":{"name":"(anonymous_0)","decl":{"start":{"line":2,"column":4},"end":{"line":2,"column":5}},"loc":{"start":{"line":2,"column":23},"end":{"line":4,"column":5}},"line":2},"1":{"name":"(anonymous_1)","decl":{"start":{"line":6,"column":4},"end":{"line":6,"column":5}},"loc":{"start":{"line":6,"column":16},"end":{"line":9,"column":5}},"line":6},"2":{"name":"(anonymous_2)","decl":{"start":{"line":11,"column":4},"end":{"line":11,"column":5}},"loc":{"start":{"line":11,"column":15},"end":{"line":13,"column":5}},"line":11},"3":{"name":"(anonymous_3)","decl":{"start":{"line":15,"column":4},"end":{"line":15,"column":5}},"loc":{"start":{"line":15,"column":23},"end":{"line":17,"column":5}},"line":15},"4":{"name":"(anonymous_4)","decl":{"start":{"line":19,"column":4},"end":{"line":19,"column":5}},"loc":{"start":{"line":19,"column":13},"end":{"line":22,"column":5}},"line":19},"5":{"name":"(anonymous_5)","decl":{"start":{"line":24,"column":4},"end":{"line":24,"column":5}},"loc":{"start":{"line":24,"column":28},"end":{"line":27,"column":5}},"line":24},"6":{"name":"(anonymous_6)","decl":{"start":{"line":29,"column":4},"end":{"line":29,"column":5}},"loc":{"start":{"line":29,"column":16},"end":{"line":32,"column":5}},"line":29}},"branchMap":{},"s":{"0":17,"1":3,"2":3,"3":3,"4":1,"5":3,"6":3,"7":0,"8":0,"9":3,"10":3},"f":{"0":17,"1":3,"2":3,"3":1,"4":3,"5":0,"6":3},"b":{},"inputSourceMap":null,"_coverageSchema":"1a1c01bbd47fc00a2c39e90264f33305004495a9","hash":"1b537aca2a6c912c48444c771a6de668a0f8459c"}
,"/Users/halil/Documents/software/case/nodejs/model/entities/Genre.js": {"path":"/Users/halil/Documents/software/case/nodejs/model/entities/Genre.js","statementMap":{"0":{"start":{"line":4,"column":14},"end":{"line":7,"column":2}}},"fnMap":{},"branchMap":{},"s":{"0":2},"f":{},"b":{},"inputSourceMap":null,"_coverageSchema":"1a1c01bbd47fc00a2c39e90264f33305004495a9","hash":"5a1ca0d81667c7f7c73a796eaf64dd76bd90ac13"}
,"/Users/halil/Documents/software/case/nodejs/model/entities/Movie.js": {"path":"/Users/halil/Documents/software/case/nodejs/model/entities/Movie.js","statementMap":{"0":{"start":{"line":4,"column":14},"end":{"line":16,"column":2}}},"fnMap":{},"branchMap":{},"s":{"0":1},"f":{},"b":{},"inputSourceMap":null,"_coverageSchema":"1a1c01bbd47fc00a2c39e90264f33305004495a9","hash":"83e747023a4e0dbc9fadd059cb58eb3e6b6753a7"}
}
