{"/Users/halil/Documents/software/case/nodejs/app.js": {"path":"/Users/halil/Documents/software/case/nodejs/app.js","statementMap":{"0":{"start":{"line":8,"column":12},"end":{"line":8,"column":21}},"1":{"start":{"line":9,"column":19},"end":{"line":9,"column":36}},"2":{"start":{"line":10,"column":13},"end":{"line":10,"column":37}},"3":{"start":{"line":12,"column":0},"end":{"line":17,"column":4}},"4":{"start":{"line":20,"column":0},"end":{"line":20,"column":68}},"5":{"start":{"line":37,"column":0},"end":{"line":37,"column":23}},"6":{"start":{"line":39,"column":18},"end":{"line":39,"column":32}},"7":{"start":{"line":40,"column":0},"end":{"line":40,"column":56}},"8":{"start":{"line":43,"column":0},"end":{"line":43,"column":24}},"9":{"start":{"line":44,"column":0},"end":{"line":44,"column":27}},"10":{"start":{"line":45,"column":0},"end":{"line":45,"column":51}},"11":{"start":{"line":48,"column":0},"end":{"line":48,"column":19}},"12":{"start":{"line":53,"column":0},"end":{"line":53,"column":59}},"13":{"start":{"line":54,"column":0},"end":{"line":54,"column":59}},"14":{"start":{"line":57,"column":0},"end":{"line":60,"column":2}},"15":{"start":{"line":58,"column":17},"end":{"line":58,"column":19}},"16":{"start":{"line":59,"column":4},"end":{"line":59,"column":40}},"17":{"start":{"line":63,"column":0},"end":{"line":70,"column":2}},"18":{"start":{"line":65,"column":4},"end":{"line":67,"column":5}},"19":{"start":{"line":66,"column":8},"end":{"line":66,"column":37}},"20":{"start":{"line":69,"column":4},"end":{"line":69,"column":44}},"21":{"start":{"line":72,"column":0},"end":{"line":75,"column":3}},"22":{"start":{"line":73,"column":4},"end":{"line":73,"column":65}},"23":{"start":{"line":74,"column":4},"end":{"line":74,"column":80}}},"fnMap":{"0":{"name":"(anonymous_0)","decl":{"start":{"line":57,"column":8},"end":{"line":57,"column":9}},"loc":{"start":{"line":57,"column":28},"end":{"line":60,"column":1}},"line":57},"1":{"name":"(anonymous_1)","decl":{"start":{"line":63,"column":8},"end":{"line":63,"column":9}},"loc":{"start":{"line":63,"column":33},"end":{"line":70,"column":1}},"line":63},"2":{"name":"(anonymous_2)","decl":{"start":{"line":72,"column":24},"end":{"line":72,"column":25}},"loc":{"start":{"line":72,"column":30},"end":{"line":75,"column":1}},"line":72}},"branchMap":{"0":{"loc":{"start":{"line":10,"column":13},"end":{"line":10,"column":37}},"type":"binary-expr","locations":[{"start":{"line":10,"column":13},"end":{"line":10,"column":29}},{"start":{"line":10,"column":33},"end":{"line":10,"column":37}}],"line":10},"1":{"loc":{"start":{"line":65,"column":4},"end":{"line":67,"column":5}},"type":"if","locations":[{"start":{"line":65,"column":4},"end":{"line":67,"column":5}},{"start":{},"end":{}}],"line":65}},"s":{"0":2,"1":2,"2":2,"3":2,"4":2,"5":2,"6":2,"7":2,"8":2,"9":2,"10":2,"11":2,"12":2,"13":2,"14":2,"15":1,"16":1,"17":2,"18":3,"19":3,"20":3,"21":2,"22":1,"23":1},"f":{"0":1,"1":3,"2":1},"b":{"0":[2,2],"1":[3,0]},"inputSourceMap":null,"_coverageSchema":"1a1c01bbd47fc00a2c39e90264f33305004495a9","hash":"9fcf0b635793463d7ec53faee324e5e8ed99d885"}
,"/Users/halil/Documents/software/case/nodejs/swagger.js": {"path":"/Users/halil/Documents/software/case/nodejs/swagger.js","statementMap":{"0":{"start":{"line":3,"column":16},"end":{"line":13,"column":1}},"1":{"start":{"line":15,"column":20},"end":{"line":15,"column":41}}},"fnMap":{},"branchMap":{},"s":{"0":2,"1":2},"f":{},"b":{},"inputSourceMap":null,"_coverageSchema":"1a1c01bbd47fc00a2c39e90264f33305004495a9","hash":"82cf63a79f82bac737c244a81c522d3a037fccf1"}
,"/Users/halil/Documents/software/case/nodejs/controller/constants/LanguageConstant.js": {"path":"/Users/halil/Documents/software/case/nodejs/controller/constants/LanguageConstant.js","statementMap":{"0":{"start":{"line":2,"column":21},"end":{"line":2,"column":22}},"1":{"start":{"line":3,"column":16},"end":{"line":3,"column":17}},"2":{"start":{"line":4,"column":16},"end":{"line":4,"column":17}}},"fnMap":{},"branchMap":{},"s":{"0":2,"1":2,"2":2},"f":{},"b":{},"inputSourceMap":null,"_coverageSchema":"1a1c01bbd47fc00a2c39e90264f33305004495a9","hash":"6ef26180393227401752a664e7c2be0690ddb0f3"}
,"/Users/halil/Documents/software/case/nodejs/controller/constants/apiConstants/CongifurationConstant.js": {"path":"/Users/halil/Documents/software/case/nodejs/controller/constants/apiConstants/CongifurationConstant.js","statementMap":{"0":{"start":{"line":2,"column":22},"end":{"line":2,"column":26}},"1":{"start":{"line":3,"column":22},"end":{"line":3,"column":74}},"2":{"start":{"line":4,"column":25},"end":{"line":4,"column":69}},"3":{"start":{"line":6,"column":23},"end":{"line":6,"column":53}},"4":{"start":{"line":7,"column":26},"end":{"line":7,"column":60}},"5":{"start":{"line":8,"column":28},"end":{"line":8,"column":241}},"6":{"start":{"line":9,"column":27},"end":{"line":9,"column":31}},"7":{"start":{"line":10,"column":30},"end":{"line":10,"column":37}},"8":{"start":{"line":12,"column":22},"end":{"line":12,"column":33}},"9":{"start":{"line":13,"column":27},"end":{"line":13,"column":42}},"10":{"start":{"line":14,"column":32},"end":{"line":14,"column":50}},"11":{"start":{"line":15,"column":40},"end":{"line":15,"column":244}},"12":{"start":{"line":16,"column":45},"end":{"line":16,"column":220}}},"fnMap":{},"branchMap":{},"s":{"0":2,"1":2,"2":2,"3":2,"4":2,"5":2,"6":2,"7":2,"8":2,"9":2,"10":2,"11":2,"12":2},"f":{},"b":{},"inputSourceMap":null,"_coverageSchema":"1a1c01bbd47fc00a2c39e90264f33305004495a9","hash":"77c34e08d84a6065a0117cf86d024aa2bba83cf2"}
,"/Users/halil/Documents/software/case/nodejs/controller/constants/apiConstants/ModelConstant.js": {"path":"/Users/halil/Documents/software/case/nodejs/controller/constants/apiConstants/ModelConstant.js","statementMap":{"0":{"start":{"line":2,"column":19},"end":{"line":2,"column":35}},"1":{"start":{"line":3,"column":19},"end":{"line":3,"column":26}},"2":{"start":{"line":4,"column":18},"end":{"line":4,"column":24}}},"fnMap":{},"branchMap":{},"s":{"0":5,"1":5,"2":5},"f":{},"b":{},"inputSourceMap":null,"_coverageSchema":"1a1c01bbd47fc00a2c39e90264f33305004495a9","hash":"9c3715b5d8ad2f279f94a0315155088b90c8c9ea"}
,"/Users/halil/Documents/software/case/nodejs/controller/constants/apiConstants/RouteConstant.js": {"path":"/Users/halil/Documents/software/case/nodejs/controller/constants/apiConstants/RouteConstant.js","statementMap":{"0":{"start":{"line":2,"column":37},"end":{"line":2,"column":48}},"1":{"start":{"line":3,"column":37},"end":{"line":3,"column":48}}},"fnMap":{},"branchMap":{},"s":{"0":2,"1":2},"f":{},"b":{},"inputSourceMap":null,"_coverageSchema":"1a1c01bbd47fc00a2c39e90264f33305004495a9","hash":"a9c68b5a967dd53b29ec7053fd3ce48d6b3605f6"}
,"/Users/halil/Documents/software/case/nodejs/controller/constants/logConstants/ErrorLogConstant.js": {"path":"/Users/halil/Documents/software/case/nodejs/controller/constants/logConstants/ErrorLogConstant.js","statementMap":{"0":{"start":{"line":2,"column":29},"end":{"line":2,"column":47}},"1":{"start":{"line":3,"column":38},"end":{"line":3,"column":65}},"2":{"start":{"line":4,"column":32},"end":{"line":4,"column":53}},"3":{"start":{"line":5,"column":48},"end":{"line":5,"column":93}},"4":{"start":{"line":6,"column":35},"end":{"line":6,"column":68}},"5":{"start":{"line":7,"column":45},"end":{"line":7,"column":77}},"6":{"start":{"line":8,"column":33},"end":{"line":8,"column":64}},"7":{"start":{"line":10,"column":29},"end":{"line":10,"column":47}},"8":{"start":{"line":11,"column":38},"end":{"line":11,"column":65}},"9":{"start":{"line":12,"column":32},"end":{"line":12,"column":53}},"10":{"start":{"line":13,"column":48},"end":{"line":13,"column":93}},"11":{"start":{"line":14,"column":35},"end":{"line":14,"column":68}},"12":{"start":{"line":15,"column":45},"end":{"line":15,"column":64}},"13":{"start":{"line":16,"column":33},"end":{"line":16,"column":64}},"14":{"start":{"line":18,"column":28},"end":{"line":18,"column":45}},"15":{"start":{"line":19,"column":31},"end":{"line":19,"column":51}},"16":{"start":{"line":20,"column":31},"end":{"line":20,"column":51}},"17":{"start":{"line":22,"column":30},"end":{"line":22,"column":44}}},"fnMap":{},"branchMap":{},"s":{"0":2,"1":2,"2":2,"3":2,"4":2,"5":2,"6":2,"7":2,"8":2,"9":2,"10":2,"11":2,"12":2,"13":2,"14":2,"15":2,"16":2,"17":2},"f":{},"b":{},"inputSourceMap":null,"_coverageSchema":"1a1c01bbd47fc00a2c39e90264f33305004495a9","hash":"77b64a40de1b04a751ecf39b4b5649d689f78771"}
,"/Users/halil/Documents/software/case/nodejs/controller/constants/logConstants/LogTypeConstant.js": {"path":"/Users/halil/Documents/software/case/nodejs/controller/constants/logConstants/LogTypeConstant.js","statementMap":{"0":{"start":{"line":2,"column":25},"end":{"line":2,"column":26}},"1":{"start":{"line":3,"column":25},"end":{"line":3,"column":26}}},"fnMap":{},"branchMap":{},"s":{"0":2,"1":2},"f":{},"b":{},"inputSourceMap":null,"_coverageSchema":"1a1c01bbd47fc00a2c39e90264f33305004495a9","hash":"04682e6dcf9955c6704fcde04adbea5b5e3af047"}
,"/Users/halil/Documents/software/case/nodejs/controller/constants/logConstants/SuccessLogConstant.js": {"path":"/Users/halil/Documents/software/case/nodejs/controller/constants/logConstants/SuccessLogConstant.js","statementMap":{"0":{"start":{"line":2,"column":31},"end":{"line":2,"column":54}},"1":{"start":{"line":3,"column":40},"end":{"line":3,"column":77}},"2":{"start":{"line":4,"column":34},"end":{"line":4,"column":60}},"3":{"start":{"line":6,"column":31},"end":{"line":6,"column":54}},"4":{"start":{"line":7,"column":40},"end":{"line":7,"column":77}},"5":{"start":{"line":8,"column":34},"end":{"line":8,"column":60}},"6":{"start":{"line":10,"column":30},"end":{"line":10,"column":52}},"7":{"start":{"line":11,"column":33},"end":{"line":11,"column":58}},"8":{"start":{"line":12,"column":33},"end":{"line":12,"column":58}},"9":{"start":{"line":14,"column":32},"end":{"line":14,"column":57}},"10":{"start":{"line":15,"column":35},"end":{"line":15,"column":60}}},"fnMap":{},"branchMap":{},"s":{"0":2,"1":2,"2":2,"3":2,"4":2,"5":2,"6":2,"7":2,"8":2,"9":2,"10":2},"f":{},"b":{},"inputSourceMap":null,"_coverageSchema":"1a1c01bbd47fc00a2c39e90264f33305004495a9","hash":"cb3aa6e4292ca52bfe530ff6b5e4102b73e51da0"}
,"/Users/halil/Documents/software/case/nodejs/controller/constants/messageConstants/GenreMessageConstant.js": {"path":"/Users/halil/Documents/software/case/nodejs/controller/constants/messageConstants/GenreMessageConstant.js","statementMap":{"0":{"start":{"line":2,"column":28},"end":{"line":5,"column":5}},"1":{"start":{"line":7,"column":28},"end":{"line":10,"column":5}},"2":{"start":{"line":12,"column":34},"end":{"line":15,"column":5}}},"fnMap":{},"branchMap":{},"s":{"0":2,"1":2,"2":2},"f":{},"b":{},"inputSourceMap":null,"_coverageSchema":"1a1c01bbd47fc00a2c39e90264f33305004495a9","hash":"7827c8b143ef17abca1206609e0a02b74655f253"}
,"/Users/halil/Documents/software/case/nodejs/controller/constants/messageConstants/MovieMessageConstant.js": {"path":"/Users/halil/Documents/software/case/nodejs/controller/constants/messageConstants/MovieMessageConstant.js","statementMap":{"0":{"start":{"line":2,"column":28},"end":{"line":5,"column":5}},"1":{"start":{"line":7,"column":29},"end":{"line":10,"column":5}},"2":{"start":{"line":12,"column":34},"end":{"line":15,"column":5}},"3":{"start":{"line":16,"column":36},"end":{"line":19,"column":5}},"4":{"start":{"line":21,"column":36},"end":{"line":24,"column":5}},"5":{"start":{"line":25,"column":38},"end":{"line":28,"column":5}},"6":{"start":{"line":30,"column":34},"end":{"line":33,"column":5}},"7":{"start":{"line":34,"column":36},"end":{"line":37,"column":5}},"8":{"start":{"line":39,"column":30},"end":{"line":42,"column":5}},"9":{"start":{"line":44,"column":36},"end":{"line":47,"column":5}},"10":{"start":{"line":49,"column":34},"end":{"line":52,"column":5}}},"fnMap":{},"branchMap":{},"s":{"0":2,"1":2,"2":2,"3":2,"4":2,"5":2,"6":2,"7":2,"8":2,"9":2,"10":2},"f":{},"b":{},"inputSourceMap":null,"_coverageSchema":"1a1c01bbd47fc00a2c39e90264f33305004495a9","hash":"cfb6c31dd09d905e1ed2bbd478b80c2ff20e5b21"}
,"/Users/halil/Documents/software/case/nodejs/controller/controllers/GenreController.js": {"path":"/Users/halil/Documents/software/case/nodejs/controller/controllers/GenreController.js","statementMap":{"0":{"start":{"line":8,"column":21},"end":{"line":8,"column":39}},"1":{"start":{"line":13,"column":21},"end":{"line":15,"column":9}},"2":{"start":{"line":16,"column":8},"end":{"line":33,"column":15}},"3":{"start":{"line":18,"column":16},"end":{"line":18,"column":84}},"4":{"start":{"line":19,"column":16},"end":{"line":19,"column":30}},"5":{"start":{"line":22,"column":28},"end":{"line":29,"column":17}},"6":{"start":{"line":30,"column":29},"end":{"line":30,"column":80}},"7":{"start":{"line":31,"column":16},"end":{"line":31,"column":36}},"8":{"start":{"line":32,"column":16},"end":{"line":32,"column":58}},"9":{"start":{"line":36,"column":21},"end":{"line":36,"column":36}},"10":{"start":{"line":37,"column":8},"end":{"line":53,"column":15}},"11":{"start":{"line":39,"column":16},"end":{"line":39,"column":93}},"12":{"start":{"line":40,"column":16},"end":{"line":40,"column":30}},"13":{"start":{"line":43,"column":28},"end":{"line":50,"column":17}},"14":{"start":{"line":51,"column":29},"end":{"line":51,"column":89}},"15":{"start":{"line":52,"column":16},"end":{"line":52,"column":58}},"16":{"start":{"line":56,"column":24},"end":{"line":56,"column":40}},"17":{"start":{"line":57,"column":8},"end":{"line":77,"column":14}},"18":{"start":{"line":59,"column":16},"end":{"line":62,"column":17}},"19":{"start":{"line":60,"column":33},"end":{"line":60,"column":103}},"20":{"start":{"line":61,"column":20},"end":{"line":61,"column":56}},"21":{"start":{"line":63,"column":16},"end":{"line":63,"column":87}},"22":{"start":{"line":64,"column":16},"end":{"line":64,"column":30}},"23":{"start":{"line":67,"column":28},"end":{"line":74,"column":17}},"24":{"start":{"line":75,"column":29},"end":{"line":75,"column":83}},"25":{"start":{"line":76,"column":16},"end":{"line":76,"column":52}},"26":{"start":{"line":82,"column":20},"end":{"line":82,"column":34}},"27":{"start":{"line":83,"column":8},"end":{"line":92,"column":14}},"28":{"start":{"line":85,"column":16},"end":{"line":85,"column":39}},"29":{"start":{"line":86,"column":16},"end":{"line":86,"column":60}},"30":{"start":{"line":87,"column":16},"end":{"line":87,"column":30}},"31":{"start":{"line":90,"column":29},"end":{"line":90,"column":58}},"32":{"start":{"line":91,"column":16},"end":{"line":91,"column":52}},"33":{"start":{"line":95,"column":17},"end":{"line":95,"column":33}},"34":{"start":{"line":96,"column":8},"end":{"line":108,"column":14}},"35":{"start":{"line":98,"column":16},"end":{"line":101,"column":17}},"36":{"start":{"line":99,"column":33},"end":{"line":99,"column":110}},"37":{"start":{"line":100,"column":20},"end":{"line":100,"column":44}},"38":{"start":{"line":102,"column":16},"end":{"line":102,"column":60}},"39":{"start":{"line":103,"column":16},"end":{"line":103,"column":30}},"40":{"start":{"line":106,"column":29},"end":{"line":106,"column":58}},"41":{"start":{"line":107,"column":16},"end":{"line":107,"column":52}},"42":{"start":{"line":111,"column":8},"end":{"line":120,"column":14}},"43":{"start":{"line":113,"column":16},"end":{"line":113,"column":39}},"44":{"start":{"line":114,"column":16},"end":{"line":114,"column":60}},"45":{"start":{"line":115,"column":16},"end":{"line":115,"column":30}},"46":{"start":{"line":118,"column":29},"end":{"line":118,"column":58}},"47":{"start":{"line":119,"column":16},"end":{"line":119,"column":52}}},"fnMap":{"0":{"name":"(anonymous_0)","decl":{"start":{"line":10,"column":4},"end":{"line":10,"column":5}},"loc":{"start":{"line":10,"column":18},"end":{"line":10,"column":21}},"line":10},"1":{"name":"(anonymous_1)","decl":{"start":{"line":12,"column":4},"end":{"line":12,"column":5}},"loc":{"start":{"line":12,"column":31},"end":{"line":34,"column":5}},"line":12},"2":{"name":"(anonymous_2)","decl":{"start":{"line":17,"column":18},"end":{"line":17,"column":19}},"loc":{"start":{"line":17,"column":26},"end":{"line":20,"column":13}},"line":17},"3":{"name":"(anonymous_3)","decl":{"start":{"line":21,"column":19},"end":{"line":21,"column":20}},"loc":{"start":{"line":21,"column":26},"end":{"line":33,"column":13}},"line":21},"4":{"name":"(anonymous_4)","decl":{"start":{"line":35,"column":4},"end":{"line":35,"column":5}},"loc":{"start":{"line":35,"column":39},"end":{"line":54,"column":5}},"line":35},"5":{"name":"(anonymous_5)","decl":{"start":{"line":38,"column":18},"end":{"line":38,"column":19}},"loc":{"start":{"line":38,"column":26},"end":{"line":41,"column":13}},"line":38},"6":{"name":"(anonymous_6)","decl":{"start":{"line":42,"column":19},"end":{"line":42,"column":20}},"loc":{"start":{"line":42,"column":26},"end":{"line":53,"column":13}},"line":42},"7":{"name":"(anonymous_7)","decl":{"start":{"line":55,"column":4},"end":{"line":55,"column":5}},"loc":{"start":{"line":55,"column":35},"end":{"line":78,"column":5}},"line":55},"8":{"name":"(anonymous_8)","decl":{"start":{"line":58,"column":18},"end":{"line":58,"column":19}},"loc":{"start":{"line":58,"column":28},"end":{"line":65,"column":13}},"line":58},"9":{"name":"(anonymous_9)","decl":{"start":{"line":66,"column":19},"end":{"line":66,"column":20}},"loc":{"start":{"line":66,"column":26},"end":{"line":77,"column":13}},"line":66},"10":{"name":"(anonymous_10)","decl":{"start":{"line":81,"column":4},"end":{"line":81,"column":5}},"loc":{"start":{"line":81,"column":40},"end":{"line":93,"column":5}},"line":81},"11":{"name":"(anonymous_11)","decl":{"start":{"line":84,"column":18},"end":{"line":84,"column":19}},"loc":{"start":{"line":84,"column":26},"end":{"line":88,"column":13}},"line":84},"12":{"name":"(anonymous_12)","decl":{"start":{"line":89,"column":19},"end":{"line":89,"column":20}},"loc":{"start":{"line":89,"column":26},"end":{"line":92,"column":13}},"line":89},"13":{"name":"(anonymous_13)","decl":{"start":{"line":94,"column":4},"end":{"line":94,"column":5}},"loc":{"start":{"line":94,"column":35},"end":{"line":109,"column":5}},"line":94},"14":{"name":"(anonymous_14)","decl":{"start":{"line":97,"column":18},"end":{"line":97,"column":19}},"loc":{"start":{"line":97,"column":26},"end":{"line":104,"column":13}},"line":97},"15":{"name":"(anonymous_15)","decl":{"start":{"line":105,"column":19},"end":{"line":105,"column":20}},"loc":{"start":{"line":105,"column":26},"end":{"line":108,"column":13}},"line":105},"16":{"name":"(anonymous_16)","decl":{"start":{"line":110,"column":4},"end":{"line":110,"column":5}},"loc":{"start":{"line":110,"column":34},"end":{"line":121,"column":5}},"line":110},"17":{"name":"(anonymous_17)","decl":{"start":{"line":112,"column":18},"end":{"line":112,"column":19}},"loc":{"start":{"line":112,"column":26},"end":{"line":116,"column":13}},"line":112},"18":{"name":"(anonymous_18)","decl":{"start":{"line":117,"column":19},"end":{"line":117,"column":20}},"loc":{"start":{"line":117,"column":26},"end":{"line":120,"column":13}},"line":117}},"branchMap":{"0":{"loc":{"start":{"line":59,"column":16},"end":{"line":62,"column":17}},"type":"if","locations":[{"start":{"line":59,"column":16},"end":{"line":62,"column":17}},{"start":{},"end":{}}],"line":59},"1":{"loc":{"start":{"line":98,"column":16},"end":{"line":101,"column":17}},"type":"if","locations":[{"start":{"line":98,"column":16},"end":{"line":101,"column":17}},{"start":{},"end":{}}],"line":98}},"s":{"0":2,"1":2,"2":2,"3":1,"4":1,"5":1,"6":1,"7":1,"8":1,"9":1,"10":1,"11":1,"12":1,"13":0,"14":0,"15":0,"16":2,"17":2,"18":1,"19":1,"20":1,"21":0,"22":0,"23":1,"24":1,"25":1,"26":1,"27":1,"28":1,"29":1,"30":1,"31":0,"32":0,"33":2,"34":2,"35":2,"36":1,"37":1,"38":1,"39":1,"40":0,"41":0,"42":3,"43":3,"44":3,"45":3,"46":0,"47":0},"f":{"0":0,"1":2,"2":1,"3":1,"4":1,"5":1,"6":0,"7":2,"8":1,"9":1,"10":1,"11":1,"12":0,"13":2,"14":2,"15":0,"16":3,"17":3,"18":0},"b":{"0":[1,0],"1":[1,1]},"inputSourceMap":null,"_coverageSchema":"1a1c01bbd47fc00a2c39e90264f33305004495a9","hash":"fcef3d03c7ec9fc932b0579e19051340ffdf7f72"}
,"/Users/halil/Documents/software/case/nodejs/controller/controllers/MovieController.js": {"path":"/Users/halil/Documents/software/case/nodejs/controller/controllers/MovieController.js","statementMap":{"0":{"start":{"line":8,"column":21},"end":{"line":8,"column":39}},"1":{"start":{"line":13,"column":21},"end":{"line":21,"column":9}},"2":{"start":{"line":22,"column":8},"end":{"line":38,"column":15}},"3":{"start":{"line":24,"column":16},"end":{"line":24,"column":84}},"4":{"start":{"line":25,"column":16},"end":{"line":25,"column":30}},"5":{"start":{"line":28,"column":28},"end":{"line":35,"column":17}},"6":{"start":{"line":36,"column":29},"end":{"line":36,"column":80}},"7":{"start":{"line":37,"column":16},"end":{"line":37,"column":58}},"8":{"start":{"line":41,"column":21},"end":{"line":41,"column":36}},"9":{"start":{"line":42,"column":8},"end":{"line":58,"column":15}},"10":{"start":{"line":44,"column":16},"end":{"line":44,"column":93}},"11":{"start":{"line":45,"column":16},"end":{"line":45,"column":30}},"12":{"start":{"line":48,"column":28},"end":{"line":55,"column":17}},"13":{"start":{"line":56,"column":29},"end":{"line":56,"column":89}},"14":{"start":{"line":57,"column":16},"end":{"line":57,"column":58}},"15":{"start":{"line":61,"column":24},"end":{"line":61,"column":40}},"16":{"start":{"line":62,"column":8},"end":{"line":82,"column":14}},"17":{"start":{"line":64,"column":16},"end":{"line":67,"column":17}},"18":{"start":{"line":65,"column":33},"end":{"line":65,"column":103}},"19":{"start":{"line":66,"column":20},"end":{"line":66,"column":56}},"20":{"start":{"line":68,"column":16},"end":{"line":68,"column":87}},"21":{"start":{"line":69,"column":16},"end":{"line":69,"column":30}},"22":{"start":{"line":72,"column":28},"end":{"line":79,"column":17}},"23":{"start":{"line":80,"column":29},"end":{"line":80,"column":83}},"24":{"start":{"line":81,"column":16},"end":{"line":81,"column":58}},"25":{"start":{"line":87,"column":17},"end":{"line":87,"column":33}},"26":{"start":{"line":88,"column":8},"end":{"line":100,"column":14}},"27":{"start":{"line":90,"column":16},"end":{"line":93,"column":17}},"28":{"start":{"line":91,"column":33},"end":{"line":91,"column":110}},"29":{"start":{"line":92,"column":20},"end":{"line":92,"column":44}},"30":{"start":{"line":94,"column":16},"end":{"line":94,"column":60}},"31":{"start":{"line":95,"column":16},"end":{"line":95,"column":30}},"32":{"start":{"line":98,"column":29},"end":{"line":98,"column":58}},"33":{"start":{"line":99,"column":16},"end":{"line":99,"column":52}},"34":{"start":{"line":103,"column":17},"end":{"line":103,"column":33}},"35":{"start":{"line":104,"column":8},"end":{"line":116,"column":14}},"36":{"start":{"line":106,"column":16},"end":{"line":109,"column":17}},"37":{"start":{"line":107,"column":33},"end":{"line":107,"column":110}},"38":{"start":{"line":108,"column":20},"end":{"line":108,"column":44}},"39":{"start":{"line":110,"column":16},"end":{"line":110,"column":60}},"40":{"start":{"line":111,"column":16},"end":{"line":111,"column":30}},"41":{"start":{"line":114,"column":29},"end":{"line":114,"column":58}},"42":{"start":{"line":115,"column":16},"end":{"line":115,"column":52}},"43":{"start":{"line":119,"column":8},"end":{"line":127,"column":14}},"44":{"start":{"line":121,"column":16},"end":{"line":121,"column":60}},"45":{"start":{"line":122,"column":16},"end":{"line":122,"column":30}},"46":{"start":{"line":125,"column":29},"end":{"line":125,"column":58}},"47":{"start":{"line":126,"column":16},"end":{"line":126,"column":52}},"48":{"start":{"line":131,"column":8},"end":{"line":139,"column":14}},"49":{"start":{"line":133,"column":16},"end":{"line":133,"column":60}},"50":{"start":{"line":134,"column":16},"end":{"line":134,"column":30}},"51":{"start":{"line":137,"column":29},"end":{"line":137,"column":58}},"52":{"start":{"line":138,"column":16},"end":{"line":138,"column":52}},"53":{"start":{"line":143,"column":24},"end":{"line":143,"column":60}},"54":{"start":{"line":144,"column":8},"end":{"line":152,"column":14}},"55":{"start":{"line":146,"column":16},"end":{"line":146,"column":60}},"56":{"start":{"line":147,"column":16},"end":{"line":147,"column":30}},"57":{"start":{"line":150,"column":29},"end":{"line":150,"column":58}},"58":{"start":{"line":151,"column":16},"end":{"line":151,"column":52}}},"fnMap":{"0":{"name":"(anonymous_0)","decl":{"start":{"line":10,"column":4},"end":{"line":10,"column":5}},"loc":{"start":{"line":10,"column":18},"end":{"line":10,"column":21}},"line":10},"1":{"name":"(anonymous_1)","decl":{"start":{"line":12,"column":4},"end":{"line":12,"column":5}},"loc":{"start":{"line":12,"column":31},"end":{"line":39,"column":5}},"line":12},"2":{"name":"(anonymous_2)","decl":{"start":{"line":23,"column":18},"end":{"line":23,"column":19}},"loc":{"start":{"line":23,"column":26},"end":{"line":26,"column":13}},"line":23},"3":{"name":"(anonymous_3)","decl":{"start":{"line":27,"column":19},"end":{"line":27,"column":20}},"loc":{"start":{"line":27,"column":26},"end":{"line":38,"column":13}},"line":27},"4":{"name":"(anonymous_4)","decl":{"start":{"line":40,"column":4},"end":{"line":40,"column":5}},"loc":{"start":{"line":40,"column":39},"end":{"line":59,"column":5}},"line":40},"5":{"name":"(anonymous_5)","decl":{"start":{"line":43,"column":18},"end":{"line":43,"column":19}},"loc":{"start":{"line":43,"column":26},"end":{"line":46,"column":13}},"line":43},"6":{"name":"(anonymous_6)","decl":{"start":{"line":47,"column":19},"end":{"line":47,"column":20}},"loc":{"start":{"line":47,"column":26},"end":{"line":58,"column":13}},"line":47},"7":{"name":"(anonymous_7)","decl":{"start":{"line":60,"column":4},"end":{"line":60,"column":5}},"loc":{"start":{"line":60,"column":35},"end":{"line":83,"column":5}},"line":60},"8":{"name":"(anonymous_8)","decl":{"start":{"line":63,"column":18},"end":{"line":63,"column":19}},"loc":{"start":{"line":63,"column":28},"end":{"line":70,"column":13}},"line":63},"9":{"name":"(anonymous_9)","decl":{"start":{"line":71,"column":19},"end":{"line":71,"column":20}},"loc":{"start":{"line":71,"column":26},"end":{"line":82,"column":13}},"line":71},"10":{"name":"(anonymous_10)","decl":{"start":{"line":86,"column":4},"end":{"line":86,"column":5}},"loc":{"start":{"line":86,"column":35},"end":{"line":101,"column":5}},"line":86},"11":{"name":"(anonymous_11)","decl":{"start":{"line":89,"column":18},"end":{"line":89,"column":19}},"loc":{"start":{"line":89,"column":26},"end":{"line":96,"column":13}},"line":89},"12":{"name":"(anonymous_12)","decl":{"start":{"line":97,"column":19},"end":{"line":97,"column":20}},"loc":{"start":{"line":97,"column":26},"end":{"line":100,"column":13}},"line":97},"13":{"name":"(anonymous_13)","decl":{"start":{"line":102,"column":4},"end":{"line":102,"column":5}},"loc":{"start":{"line":102,"column":38},"end":{"line":117,"column":5}},"line":102},"14":{"name":"(anonymous_14)","decl":{"start":{"line":105,"column":18},"end":{"line":105,"column":19}},"loc":{"start":{"line":105,"column":26},"end":{"line":112,"column":13}},"line":105},"15":{"name":"(anonymous_15)","decl":{"start":{"line":113,"column":19},"end":{"line":113,"column":20}},"loc":{"start":{"line":113,"column":26},"end":{"line":116,"column":13}},"line":113},"16":{"name":"(anonymous_16)","decl":{"start":{"line":118,"column":4},"end":{"line":118,"column":5}},"loc":{"start":{"line":118,"column":34},"end":{"line":128,"column":5}},"line":118},"17":{"name":"(anonymous_17)","decl":{"start":{"line":120,"column":18},"end":{"line":120,"column":19}},"loc":{"start":{"line":120,"column":26},"end":{"line":123,"column":13}},"line":120},"18":{"name":"(anonymous_18)","decl":{"start":{"line":124,"column":19},"end":{"line":124,"column":20}},"loc":{"start":{"line":124,"column":26},"end":{"line":127,"column":13}},"line":124},"19":{"name":"(anonymous_19)","decl":{"start":{"line":130,"column":4},"end":{"line":130,"column":5}},"loc":{"start":{"line":130,"column":37},"end":{"line":140,"column":5}},"line":130},"20":{"name":"(anonymous_20)","decl":{"start":{"line":132,"column":18},"end":{"line":132,"column":19}},"loc":{"start":{"line":132,"column":26},"end":{"line":135,"column":13}},"line":132},"21":{"name":"(anonymous_21)","decl":{"start":{"line":136,"column":19},"end":{"line":136,"column":20}},"loc":{"start":{"line":136,"column":26},"end":{"line":139,"column":13}},"line":136},"22":{"name":"(anonymous_22)","decl":{"start":{"line":142,"column":4},"end":{"line":142,"column":5}},"loc":{"start":{"line":142,"column":43},"end":{"line":153,"column":5}},"line":142},"23":{"name":"(anonymous_23)","decl":{"start":{"line":145,"column":18},"end":{"line":145,"column":19}},"loc":{"start":{"line":145,"column":26},"end":{"line":148,"column":13}},"line":145},"24":{"name":"(anonymous_24)","decl":{"start":{"line":149,"column":19},"end":{"line":149,"column":20}},"loc":{"start":{"line":149,"column":26},"end":{"line":152,"column":13}},"line":149}},"branchMap":{"0":{"loc":{"start":{"line":64,"column":16},"end":{"line":67,"column":17}},"type":"if","locations":[{"start":{"line":64,"column":16},"end":{"line":67,"column":17}},{"start":{},"end":{}}],"line":64},"1":{"loc":{"start":{"line":90,"column":16},"end":{"line":93,"column":17}},"type":"if","locations":[{"start":{"line":90,"column":16},"end":{"line":93,"column":17}},{"start":{},"end":{}}],"line":90},"2":{"loc":{"start":{"line":106,"column":16},"end":{"line":109,"column":17}},"type":"if","locations":[{"start":{"line":106,"column":16},"end":{"line":109,"column":17}},{"start":{},"end":{}}],"line":106},"3":{"loc":{"start":{"line":143,"column":24},"end":{"line":143,"column":60}},"type":"cond-expr","locations":[{"start":{"line":143,"column":41},"end":{"line":143,"column":55}},{"start":{"line":143,"column":58},"end":{"line":143,"column":60}}],"line":143}},"s":{"0":2,"1":2,"2":2,"3":1,"4":1,"5":1,"6":1,"7":1,"8":1,"9":1,"10":1,"11":1,"12":0,"13":0,"14":0,"15":2,"16":2,"17":1,"18":1,"19":1,"20":0,"21":0,"22":1,"23":1,"24":1,"25":2,"26":2,"27":2,"28":1,"29":1,"30":1,"31":1,"32":0,"33":0,"34":1,"35":1,"36":1,"37":0,"38":0,"39":1,"40":1,"41":0,"42":0,"43":2,"44":2,"45":2,"46":0,"47":0,"48":1,"49":1,"50":1,"51":0,"52":0,"53":1,"54":1,"55":1,"56":1,"57":0,"58":0},"f":{"0":0,"1":2,"2":1,"3":1,"4":1,"5":1,"6":0,"7":2,"8":1,"9":1,"10":2,"11":2,"12":0,"13":1,"14":1,"15":0,"16":2,"17":2,"18":0,"19":1,"20":1,"21":0,"22":1,"23":1,"24":0},"b":{"0":[1,0],"1":[1,1],"2":[0,1],"3":[1,0]},"inputSourceMap":null,"_coverageSchema":"1a1c01bbd47fc00a2c39e90264f33305004495a9","hash":"ef32bb5f88bdde1d0a919f87ed3b0d40ba20d6e5"}
,"/Users/halil/Documents/software/case/nodejs/controller/dataAccess/contexts/MongoDbContext.js": {"path":"/Users/halil/Documents/software/case/nodejs/controller/dataAccess/contexts/MongoDbContext.js","statementMap":{"0":{"start":{"line":4,"column":21},"end":{"line":11,"column":1}},"1":{"start":{"line":5,"column":4},"end":{"line":10,"column":10}},"2":{"start":{"line":7,"column":12},"end":{"line":7,"column":46}}},"fnMap":{"0":{"name":"(anonymous_0)","decl":{"start":{"line":4,"column":21},"end":{"line":4,"column":22}},"loc":{"start":{"line":4,"column":27},"end":{"line":11,"column":1}},"line":4},"1":{"name":"(anonymous_1)","decl":{"start":{"line":6,"column":14},"end":{"line":6,"column":15}},"loc":{"start":{"line":6,"column":20},"end":{"line":8,"column":9}},"line":6},"2":{"name":"(anonymous_2)","decl":{"start":{"line":9,"column":15},"end":{"line":9,"column":16}},"loc":{"start":{"line":9,"column":22},"end":{"line":10,"column":9}},"line":9}},"branchMap":{},"s":{"0":2,"1":2,"2":2},"f":{"0":2,"1":2,"2":0},"b":{},"inputSourceMap":null,"_coverageSchema":"1a1c01bbd47fc00a2c39e90264f33305004495a9","hash":"45316dbfcf70a2e736b4f40ccbdf7b182281809a"}
,"/Users/halil/Documents/software/case/nodejs/controller/dataAccess/services/GenreService.js": {"path":"/Users/halil/Documents/software/case/nodejs/controller/dataAccess/services/GenreService.js","statementMap":{"0":{"start":{"line":6,"column":8},"end":{"line":6,"column":21}},"1":{"start":{"line":10,"column":8},"end":{"line":10,"column":44}}},"fnMap":{"0":{"name":"(anonymous_0)","decl":{"start":{"line":5,"column":4},"end":{"line":5,"column":5}},"loc":{"start":{"line":5,"column":18},"end":{"line":7,"column":5}},"line":5},"1":{"name":"(anonymous_1)","decl":{"start":{"line":9,"column":4},"end":{"line":9,"column":5}},"loc":{"start":{"line":9,"column":28},"end":{"line":11,"column":5}},"line":9}},"branchMap":{},"s":{"0":8,"1":2},"f":{"0":8,"1":2},"b":{},"inputSourceMap":null,"_coverageSchema":"1a1c01bbd47fc00a2c39e90264f33305004495a9","hash":"adbc2829e9566f773c618d38471320140bf47605"}
,"/Users/halil/Documents/software/case/nodejs/controller/dataAccess/services/MovieService.js": {"path":"/Users/halil/Documents/software/case/nodejs/controller/dataAccess/services/MovieService.js","statementMap":{"0":{"start":{"line":6,"column":8},"end":{"line":6,"column":21}},"1":{"start":{"line":10,"column":8},"end":{"line":10,"column":44}},"2":{"start":{"line":14,"column":8},"end":{"line":14,"column":38}},"3":{"start":{"line":18,"column":24},"end":{"line":20,"column":31}},"4":{"start":{"line":21,"column":8},"end":{"line":21,"column":23}},"5":{"start":{"line":25,"column":24},"end":{"line":27,"column":31}},"6":{"start":{"line":28,"column":8},"end":{"line":28,"column":23}}},"fnMap":{"0":{"name":"(anonymous_0)","decl":{"start":{"line":5,"column":4},"end":{"line":5,"column":5}},"loc":{"start":{"line":5,"column":18},"end":{"line":7,"column":5}},"line":5},"1":{"name":"(anonymous_1)","decl":{"start":{"line":9,"column":4},"end":{"line":9,"column":5}},"loc":{"start":{"line":9,"column":28},"end":{"line":11,"column":5}},"line":9},"2":{"name":"(anonymous_2)","decl":{"start":{"line":13,"column":4},"end":{"line":13,"column":5}},"loc":{"start":{"line":13,"column":16},"end":{"line":15,"column":5}},"line":13},"3":{"name":"(anonymous_3)","decl":{"start":{"line":17,"column":4},"end":{"line":17,"column":5}},"loc":{"start":{"line":17,"column":31},"end":{"line":22,"column":5}},"line":17},"4":{"name":"(anonymous_4)","decl":{"start":{"line":24,"column":4},"end":{"line":24,"column":5}},"loc":{"start":{"line":24,"column":19},"end":{"line":29,"column":5}},"line":24}},"branchMap":{},"s":{"0":10,"1":2,"2":2,"3":4,"4":4,"5":2,"6":2},"f":{"0":10,"1":2,"2":2,"3":4,"4":2},"b":{},"inputSourceMap":null,"_coverageSchema":"1a1c01bbd47fc00a2c39e90264f33305004495a9","hash":"2335468e7285c2470657ce48921b6c8b1eb30f49"}
,"/Users/halil/Documents/software/case/nodejs/controller/logging/FileLogger.js": {"path":"/Users/halil/Documents/software/case/nodejs/controller/logging/FileLogger.js","statementMap":{"0":{"start":{"line":3,"column":17},"end":{"line":3,"column":46}},"1":{"start":{"line":6,"column":22},"end":{"line":6,"column":41}},"2":{"start":{"line":7,"column":8},"end":{"line":7,"column":65}},"3":{"start":{"line":12,"column":19},"end":{"line":12,"column":39}},"4":{"start":{"line":13,"column":8},"end":{"line":13,"column":33}}},"fnMap":{"0":{"name":"(anonymous_0)","decl":{"start":{"line":5,"column":4},"end":{"line":5,"column":5}},"loc":{"start":{"line":5,"column":26},"end":{"line":9,"column":5}},"line":5},"1":{"name":"(anonymous_1)","decl":{"start":{"line":11,"column":4},"end":{"line":11,"column":5}},"loc":{"start":{"line":11,"column":25},"end":{"line":14,"column":5}},"line":11}},"branchMap":{},"s":{"0":2,"1":3,"2":3,"3":3,"4":3},"f":{"0":3,"1":3},"b":{},"inputSourceMap":null,"_coverageSchema":"1a1c01bbd47fc00a2c39e90264f33305004495a9","hash":"4c52793316fea659191ce32b6ff1493940e06d47"}
,"/Users/halil/Documents/software/case/nodejs/controller/middlewares/TMDB.js": {"path":"/Users/halil/Documents/software/case/nodejs/controller/middlewares/TMDB.js","statementMap":{"0":{"start":{"line":8,"column":8},"end":{"line":17,"column":11}},"1":{"start":{"line":9,"column":12},"end":{"line":12,"column":13}},"2":{"start":{"line":10,"column":29},"end":{"line":10,"column":71}},"3":{"start":{"line":11,"column":16},"end":{"line":11,"column":52}},"4":{"start":{"line":13,"column":25},"end":{"line":13,"column":49}},"5":{"start":{"line":14,"column":12},"end":{"line":14,"column":40}},"6":{"start":{"line":15,"column":12},"end":{"line":15,"column":58}},"7":{"start":{"line":16,"column":12},"end":{"line":16,"column":19}},"8":{"start":{"line":20,"column":24},"end":{"line":20,"column":42}},"9":{"start":{"line":21,"column":8},"end":{"line":30,"column":11}},"10":{"start":{"line":22,"column":12},"end":{"line":25,"column":13}},"11":{"start":{"line":23,"column":29},"end":{"line":23,"column":71}},"12":{"start":{"line":24,"column":16},"end":{"line":24,"column":52}},"13":{"start":{"line":26,"column":25},"end":{"line":26,"column":48}},"14":{"start":{"line":27,"column":12},"end":{"line":27,"column":67}},"15":{"start":{"line":28,"column":12},"end":{"line":28,"column":70}},"16":{"start":{"line":29,"column":12},"end":{"line":29,"column":19}},"17":{"start":{"line":33,"column":21},"end":{"line":33,"column":36}},"18":{"start":{"line":34,"column":24},"end":{"line":34,"column":42}},"19":{"start":{"line":35,"column":26},"end":{"line":37,"column":9}},"20":{"start":{"line":36,"column":12},"end":{"line":36,"column":67}},"21":{"start":{"line":36,"column":34},"end":{"line":36,"column":66}},"22":{"start":{"line":38,"column":8},"end":{"line":38,"column":36}},"23":{"start":{"line":39,"column":8},"end":{"line":39,"column":57}},"24":{"start":{"line":40,"column":8},"end":{"line":40,"column":15}},"25":{"start":{"line":43,"column":21},"end":{"line":43,"column":36}},"26":{"start":{"line":44,"column":24},"end":{"line":44,"column":42}},"27":{"start":{"line":45,"column":26},"end":{"line":47,"column":9}},"28":{"start":{"line":46,"column":12},"end":{"line":46,"column":67}},"29":{"start":{"line":46,"column":34},"end":{"line":46,"column":66}},"30":{"start":{"line":48,"column":8},"end":{"line":48,"column":36}},"31":{"start":{"line":49,"column":8},"end":{"line":49,"column":57}},"32":{"start":{"line":50,"column":8},"end":{"line":50,"column":15}},"33":{"start":{"line":53,"column":21},"end":{"line":53,"column":36}},"34":{"start":{"line":54,"column":21},"end":{"line":54,"column":36}},"35":{"start":{"line":55,"column":24},"end":{"line":55,"column":26}},"36":{"start":{"line":56,"column":8},"end":{"line":70,"column":9}},"37":{"start":{"line":56,"column":21},"end":{"line":56,"column":22}},"38":{"start":{"line":57,"column":26},"end":{"line":57,"column":35}},"39":{"start":{"line":58,"column":30},"end":{"line":58,"column":120}},"40":{"start":{"line":58,"column":53},"end":{"line":58,"column":95}},"41":{"start":{"line":58,"column":110},"end":{"line":58,"column":119}},"42":{"start":{"line":59,"column":30},"end":{"line":68,"column":13}},"43":{"start":{"line":69,"column":12},"end":{"line":69,"column":40}},"44":{"start":{"line":71,"column":8},"end":{"line":71,"column":36}},"45":{"start":{"line":72,"column":8},"end":{"line":72,"column":57}},"46":{"start":{"line":73,"column":8},"end":{"line":73,"column":15}}},"fnMap":{"0":{"name":"(anonymous_0)","decl":{"start":{"line":7,"column":4},"end":{"line":7,"column":5}},"loc":{"start":{"line":7,"column":40},"end":{"line":18,"column":5}},"line":7},"1":{"name":"(anonymous_1)","decl":{"start":{"line":8,"column":223},"end":{"line":8,"column":224}},"loc":{"start":{"line":8,"column":257},"end":{"line":17,"column":9}},"line":8},"2":{"name":"(anonymous_2)","decl":{"start":{"line":19,"column":4},"end":{"line":19,"column":5}},"loc":{"start":{"line":19,"column":45},"end":{"line":31,"column":5}},"line":19},"3":{"name":"(anonymous_3)","decl":{"start":{"line":21,"column":125},"end":{"line":21,"column":126}},"loc":{"start":{"line":21,"column":159},"end":{"line":30,"column":9}},"line":21},"4":{"name":"(anonymous_4)","decl":{"start":{"line":32,"column":4},"end":{"line":32,"column":5}},"loc":{"start":{"line":32,"column":45},"end":{"line":41,"column":5}},"line":32},"5":{"name":"(anonymous_5)","decl":{"start":{"line":35,"column":43},"end":{"line":35,"column":44}},"loc":{"start":{"line":36,"column":12},"end":{"line":36,"column":67}},"line":36},"6":{"name":"(anonymous_6)","decl":{"start":{"line":36,"column":25},"end":{"line":36,"column":26}},"loc":{"start":{"line":36,"column":34},"end":{"line":36,"column":66}},"line":36},"7":{"name":"(anonymous_7)","decl":{"start":{"line":42,"column":4},"end":{"line":42,"column":5}},"loc":{"start":{"line":42,"column":45},"end":{"line":51,"column":5}},"line":42},"8":{"name":"(anonymous_8)","decl":{"start":{"line":45,"column":43},"end":{"line":45,"column":44}},"loc":{"start":{"line":46,"column":12},"end":{"line":46,"column":67}},"line":46},"9":{"name":"(anonymous_9)","decl":{"start":{"line":46,"column":25},"end":{"line":46,"column":26}},"loc":{"start":{"line":46,"column":34},"end":{"line":46,"column":66}},"line":46},"10":{"name":"(anonymous_10)","decl":{"start":{"line":52,"column":4},"end":{"line":52,"column":5}},"loc":{"start":{"line":52,"column":42},"end":{"line":74,"column":5}},"line":52},"11":{"name":"(anonymous_11)","decl":{"start":{"line":58,"column":44},"end":{"line":58,"column":45}},"loc":{"start":{"line":58,"column":53},"end":{"line":58,"column":95}},"line":58},"12":{"name":"(anonymous_12)","decl":{"start":{"line":58,"column":101},"end":{"line":58,"column":102}},"loc":{"start":{"line":58,"column":110},"end":{"line":58,"column":119}},"line":58}},"branchMap":{"0":{"loc":{"start":{"line":9,"column":12},"end":{"line":12,"column":13}},"type":"if","locations":[{"start":{"line":9,"column":12},"end":{"line":12,"column":13}},{"start":{},"end":{}}],"line":9},"1":{"loc":{"start":{"line":22,"column":12},"end":{"line":25,"column":13}},"type":"if","locations":[{"start":{"line":22,"column":12},"end":{"line":25,"column":13}},{"start":{},"end":{}}],"line":22}},"s":{"0":1,"1":1,"2":0,"3":0,"4":1,"5":1,"6":1,"7":1,"8":2,"9":2,"10":2,"11":0,"12":0,"13":2,"14":2,"15":2,"16":2,"17":1,"18":1,"19":1,"20":35,"21":442,"22":1,"23":1,"24":1,"25":1,"26":1,"27":1,"28":20,"29":0,"30":1,"31":1,"32":1,"33":1,"34":1,"35":1,"36":1,"37":1,"38":20,"39":20,"40":4780,"41":54,"42":20,"43":20,"44":1,"45":1,"46":1},"f":{"0":1,"1":1,"2":2,"3":2,"4":1,"5":35,"6":442,"7":1,"8":20,"9":0,"10":1,"11":4780,"12":54},"b":{"0":[0,1],"1":[0,2]},"inputSourceMap":null,"_coverageSchema":"1a1c01bbd47fc00a2c39e90264f33305004495a9","hash":"a8a5c9a706af2a619a0d7b025fb9d9ad5abd2c1a"}
,"/Users/halil/Documents/software/case/nodejs/controller/validators/GenreValidator.js": {"path":"/Users/halil/Documents/software/case/nodejs/controller/validators/GenreValidator.js","statementMap":{"0":{"start":{"line":10,"column":22},"end":{"line":14,"column":9}},"1":{"start":{"line":15,"column":8},"end":{"line":15,"column":21}},"2":{"start":{"line":19,"column":23},"end":{"line":19,"column":47}},"3":{"start":{"line":20,"column":22},"end":{"line":20,"column":58}},"4":{"start":{"line":21,"column":22},"end":{"line":21,"column":59}},"5":{"start":{"line":23,"column":8},"end":{"line":28,"column":9}},"6":{"start":{"line":23,"column":25},"end":{"line":23,"column":26}},"7":{"start":{"line":24,"column":12},"end":{"line":24,"column":34}},"8":{"start":{"line":25,"column":12},"end":{"line":27,"column":13}},"9":{"start":{"line":26,"column":16},"end":{"line":26,"column":52}},"10":{"start":{"line":29,"column":8},"end":{"line":29,"column":85}},"11":{"start":{"line":30,"column":8},"end":{"line":30,"column":22}},"12":{"start":{"line":34,"column":23},"end":{"line":34,"column":47}},"13":{"start":{"line":35,"column":23},"end":{"line":35,"column":39}},"14":{"start":{"line":36,"column":25},"end":{"line":36,"column":61}},"15":{"start":{"line":37,"column":8},"end":{"line":39,"column":9}},"16":{"start":{"line":38,"column":12},"end":{"line":38,"column":26}},"17":{"start":{"line":40,"column":21},"end":{"line":40,"column":91}},"18":{"start":{"line":41,"column":8},"end":{"line":41,"column":44}}},"fnMap":{"0":{"name":"(anonymous_0)","decl":{"start":{"line":7,"column":4},"end":{"line":7,"column":5}},"loc":{"start":{"line":7,"column":18},"end":{"line":7,"column":21}},"line":7},"1":{"name":"(anonymous_1)","decl":{"start":{"line":9,"column":4},"end":{"line":9,"column":5}},"loc":{"start":{"line":9,"column":34},"end":{"line":16,"column":5}},"line":9},"2":{"name":"(anonymous_2)","decl":{"start":{"line":18,"column":4},"end":{"line":18,"column":5}},"loc":{"start":{"line":18,"column":31},"end":{"line":31,"column":5}},"line":18},"3":{"name":"(anonymous_3)","decl":{"start":{"line":33,"column":4},"end":{"line":33,"column":5}},"loc":{"start":{"line":33,"column":44},"end":{"line":42,"column":5}},"line":33}},"branchMap":{"0":{"loc":{"start":{"line":25,"column":12},"end":{"line":27,"column":13}},"type":"if","locations":[{"start":{"line":25,"column":12},"end":{"line":27,"column":13}},{"start":{},"end":{}}],"line":25},"1":{"loc":{"start":{"line":37,"column":8},"end":{"line":39,"column":9}},"type":"if","locations":[{"start":{"line":37,"column":8},"end":{"line":39,"column":9}},{"start":{},"end":{}}],"line":37}},"s":{"0":4,"1":4,"2":4,"3":4,"4":4,"5":4,"6":4,"7":7,"8":7,"9":2,"10":2,"11":2,"12":6,"13":6,"14":6,"15":6,"16":4,"17":2,"18":2},"f":{"0":0,"1":4,"2":4,"3":6},"b":{"0":[2,5],"1":[4,2]},"inputSourceMap":null,"_coverageSchema":"1a1c01bbd47fc00a2c39e90264f33305004495a9","hash":"243cf91cb3e322e99ad13869ffb61ae1732064e6"}
,"/Users/halil/Documents/software/case/nodejs/controller/validators/MovieValidator.js": {"path":"/Users/halil/Documents/software/case/nodejs/controller/validators/MovieValidator.js","statementMap":{"0":{"start":{"line":10,"column":22},"end":{"line":36,"column":9}},"1":{"start":{"line":37,"column":8},"end":{"line":37,"column":21}},"2":{"start":{"line":41,"column":23},"end":{"line":41,"column":47}},"3":{"start":{"line":42,"column":22},"end":{"line":42,"column":246}},"4":{"start":{"line":43,"column":22},"end":{"line":43,"column":59}},"5":{"start":{"line":45,"column":8},"end":{"line":50,"column":9}},"6":{"start":{"line":45,"column":25},"end":{"line":45,"column":26}},"7":{"start":{"line":46,"column":12},"end":{"line":46,"column":34}},"8":{"start":{"line":47,"column":12},"end":{"line":49,"column":13}},"9":{"start":{"line":48,"column":16},"end":{"line":48,"column":52}},"10":{"start":{"line":51,"column":8},"end":{"line":51,"column":85}},"11":{"start":{"line":52,"column":8},"end":{"line":52,"column":22}},"12":{"start":{"line":56,"column":23},"end":{"line":56,"column":47}},"13":{"start":{"line":57,"column":23},"end":{"line":57,"column":39}},"14":{"start":{"line":58,"column":25},"end":{"line":58,"column":61}},"15":{"start":{"line":59,"column":8},"end":{"line":61,"column":9}},"16":{"start":{"line":60,"column":12},"end":{"line":60,"column":26}},"17":{"start":{"line":62,"column":21},"end":{"line":62,"column":91}},"18":{"start":{"line":63,"column":8},"end":{"line":63,"column":44}}},"fnMap":{"0":{"name":"(anonymous_0)","decl":{"start":{"line":7,"column":4},"end":{"line":7,"column":5}},"loc":{"start":{"line":7,"column":18},"end":{"line":7,"column":21}},"line":7},"1":{"name":"(anonymous_1)","decl":{"start":{"line":9,"column":4},"end":{"line":9,"column":5}},"loc":{"start":{"line":9,"column":34},"end":{"line":38,"column":5}},"line":9},"2":{"name":"(anonymous_2)","decl":{"start":{"line":40,"column":4},"end":{"line":40,"column":5}},"loc":{"start":{"line":40,"column":31},"end":{"line":53,"column":5}},"line":40},"3":{"name":"(anonymous_3)","decl":{"start":{"line":55,"column":4},"end":{"line":55,"column":5}},"loc":{"start":{"line":55,"column":44},"end":{"line":64,"column":5}},"line":55}},"branchMap":{"0":{"loc":{"start":{"line":47,"column":12},"end":{"line":49,"column":13}},"type":"if","locations":[{"start":{"line":47,"column":12},"end":{"line":49,"column":13}},{"start":{},"end":{}}],"line":47},"1":{"loc":{"start":{"line":59,"column":8},"end":{"line":61,"column":9}},"type":"if","locations":[{"start":{"line":59,"column":8},"end":{"line":61,"column":9}},{"start":{},"end":{}}],"line":59}},"s":{"0":4,"1":4,"2":4,"3":4,"4":4,"5":4,"6":4,"7":31,"8":31,"9":2,"10":2,"11":2,"12":7,"13":7,"14":7,"15":7,"16":5,"17":2,"18":2},"f":{"0":0,"1":4,"2":4,"3":7},"b":{"0":[2,29],"1":[5,2]},"inputSourceMap":null,"_coverageSchema":"1a1c01bbd47fc00a2c39e90264f33305004495a9","hash":"935d3077cb5c8275349a69aeebe5db117db88373"}
,"/Users/halil/Documents/software/case/nodejs/controller/validators/ValidatorHelper.js": {"path":"/Users/halil/Documents/software/case/nodejs/controller/validators/ValidatorHelper.js","statementMap":{"0":{"start":{"line":5,"column":8},"end":{"line":7,"column":9}},"1":{"start":{"line":6,"column":12},"end":{"line":6,"column":25}},"2":{"start":{"line":8,"column":8},"end":{"line":8,"column":20}},"3":{"start":{"line":12,"column":8},"end":{"line":14,"column":9}},"4":{"start":{"line":13,"column":12},"end":{"line":13,"column":25}},"5":{"start":{"line":15,"column":8},"end":{"line":15,"column":20}},"6":{"start":{"line":19,"column":8},"end":{"line":21,"column":9}},"7":{"start":{"line":20,"column":12},"end":{"line":20,"column":25}},"8":{"start":{"line":22,"column":8},"end":{"line":22,"column":20}}},"fnMap":{"0":{"name":"(anonymous_0)","decl":{"start":{"line":2,"column":4},"end":{"line":2,"column":5}},"loc":{"start":{"line":2,"column":18},"end":{"line":2,"column":21}},"line":2},"1":{"name":"(anonymous_1)","decl":{"start":{"line":4,"column":4},"end":{"line":4,"column":5}},"loc":{"start":{"line":4,"column":29},"end":{"line":9,"column":5}},"line":4},"2":{"name":"(anonymous_2)","decl":{"start":{"line":11,"column":4},"end":{"line":11,"column":5}},"loc":{"start":{"line":11,"column":34},"end":{"line":16,"column":5}},"line":11},"3":{"name":"(anonymous_3)","decl":{"start":{"line":18,"column":4},"end":{"line":18,"column":5}},"loc":{"start":{"line":18,"column":32},"end":{"line":23,"column":5}},"line":18}},"branchMap":{"0":{"loc":{"start":{"line":5,"column":8},"end":{"line":7,"column":9}},"type":"if","locations":[{"start":{"line":5,"column":8},"end":{"line":7,"column":9}},{"start":{},"end":{}}],"line":5},"1":{"loc":{"start":{"line":5,"column":12},"end":{"line":5,"column":52}},"type":"binary-expr","locations":[{"start":{"line":5,"column":12},"end":{"line":5,"column":29}},{"start":{"line":5,"column":33},"end":{"line":5,"column":52}}],"line":5},"2":{"loc":{"start":{"line":12,"column":8},"end":{"line":14,"column":9}},"type":"if","locations":[{"start":{"line":12,"column":8},"end":{"line":14,"column":9}},{"start":{},"end":{}}],"line":12},"3":{"loc":{"start":{"line":12,"column":12},"end":{"line":12,"column":51}},"type":"binary-expr","locations":[{"start":{"line":12,"column":12},"end":{"line":12,"column":30}},{"start":{"line":12,"column":34},"end":{"line":12,"column":51}}],"line":12},"4":{"loc":{"start":{"line":19,"column":8},"end":{"line":21,"column":9}},"type":"if","locations":[{"start":{"line":19,"column":8},"end":{"line":21,"column":9}},{"start":{},"end":{}}],"line":19},"5":{"loc":{"start":{"line":19,"column":12},"end":{"line":19,"column":58}},"type":"binary-expr","locations":[{"start":{"line":19,"column":12},"end":{"line":19,"column":33}},{"start":{"line":19,"column":37},"end":{"line":19,"column":58}}],"line":19}},"s":{"0":24,"1":10,"2":14,"3":4,"4":2,"5":2,"6":13,"7":4,"8":9},"f":{"0":0,"1":24,"2":4,"3":13},"b":{"0":[10,14],"1":[24,24],"2":[2,2],"3":[4,2],"4":[4,9],"5":[13,13]},"inputSourceMap":null,"_coverageSchema":"1a1c01bbd47fc00a2c39e90264f33305004495a9","hash":"6cdaafdd29ebbb5400e47200ef5a98cf4075adbc"}
,"/Users/halil/Documents/software/case/nodejs/core/dataAccess/mongoose/RepositoryBase.js": {"path":"/Users/halil/Documents/software/case/nodejs/core/dataAccess/mongoose/RepositoryBase.js","statementMap":{"0":{"start":{"line":3,"column":8},"end":{"line":3,"column":27}},"1":{"start":{"line":7,"column":28},"end":{"line":7,"column":50}},"2":{"start":{"line":8,"column":8},"end":{"line":8,"column":34}},"3":{"start":{"line":12,"column":8},"end":{"line":12,"column":47}},"4":{"start":{"line":16,"column":8},"end":{"line":16,"column":54}},"5":{"start":{"line":20,"column":8},"end":{"line":20,"column":35}},"6":{"start":{"line":24,"column":24},"end":{"line":24,"column":50}},"7":{"start":{"line":25,"column":8},"end":{"line":25,"column":23}},"8":{"start":{"line":29,"column":24},"end":{"line":29,"column":47}},"9":{"start":{"line":30,"column":8},"end":{"line":30,"column":23}}},"fnMap":{"0":{"name":"(anonymous_0)","decl":{"start":{"line":2,"column":4},"end":{"line":2,"column":5}},"loc":{"start":{"line":2,"column":23},"end":{"line":4,"column":5}},"line":2},"1":{"name":"(anonymous_1)","decl":{"start":{"line":6,"column":4},"end":{"line":6,"column":5}},"loc":{"start":{"line":6,"column":16},"end":{"line":9,"column":5}},"line":6},"2":{"name":"(anonymous_2)","decl":{"start":{"line":11,"column":4},"end":{"line":11,"column":5}},"loc":{"start":{"line":11,"column":15},"end":{"line":13,"column":5}},"line":11},"3":{"name":"(anonymous_3)","decl":{"start":{"line":15,"column":4},"end":{"line":15,"column":5}},"loc":{"start":{"line":15,"column":23},"end":{"line":17,"column":5}},"line":15},"4":{"name":"(anonymous_4)","decl":{"start":{"line":19,"column":4},"end":{"line":19,"column":5}},"loc":{"start":{"line":19,"column":13},"end":{"line":21,"column":5}},"line":19},"5":{"name":"(anonymous_5)","decl":{"start":{"line":23,"column":4},"end":{"line":23,"column":5}},"loc":{"start":{"line":23,"column":28},"end":{"line":26,"column":5}},"line":23},"6":{"name":"(anonymous_6)","decl":{"start":{"line":28,"column":4},"end":{"line":28,"column":5}},"loc":{"start":{"line":28,"column":16},"end":{"line":31,"column":5}},"line":28}},"branchMap":{},"s":{"0":24,"1":7,"2":7,"3":7,"4":1,"5":8,"6":11,"7":11,"8":7,"9":7},"f":{"0":24,"1":7,"2":7,"3":1,"4":8,"5":11,"6":7},"b":{},"inputSourceMap":null,"_coverageSchema":"1a1c01bbd47fc00a2c39e90264f33305004495a9","hash":"013f558183bff768c10ff3242c89f6f9c5d800f9"}
,"/Users/halil/Documents/software/case/nodejs/core/entities/DataResult.js": {"path":"/Users/halil/Documents/software/case/nodejs/core/entities/DataResult.js","statementMap":{"0":{"start":{"line":4,"column":8},"end":{"line":4,"column":31}},"1":{"start":{"line":5,"column":8},"end":{"line":5,"column":25}}},"fnMap":{"0":{"name":"(anonymous_0)","decl":{"start":{"line":3,"column":4},"end":{"line":3,"column":5}},"loc":{"start":{"line":3,"column":40},"end":{"line":6,"column":5}},"line":3}},"branchMap":{},"s":{"0":19,"1":19},"f":{"0":19},"b":{},"inputSourceMap":null,"_coverageSchema":"1a1c01bbd47fc00a2c39e90264f33305004495a9","hash":"0a49c7ccdaf787b03289c7181fc229f30bd21049"}
,"/Users/halil/Documents/software/case/nodejs/core/entities/Result.js": {"path":"/Users/halil/Documents/software/case/nodejs/core/entities/Result.js","statementMap":{"0":{"start":{"line":3,"column":8},"end":{"line":3,"column":30}},"1":{"start":{"line":4,"column":8},"end":{"line":4,"column":31}}},"fnMap":{"0":{"name":"(anonymous_0)","decl":{"start":{"line":2,"column":4},"end":{"line":2,"column":5}},"loc":{"start":{"line":2,"column":34},"end":{"line":5,"column":5}},"line":2}},"branchMap":{},"s":{"0":101,"1":101},"f":{"0":101},"b":{},"inputSourceMap":null,"_coverageSchema":"1a1c01bbd47fc00a2c39e90264f33305004495a9","hash":"464320aec71f1987d0aec4d196033e4230d3b7e8"}
,"/Users/halil/Documents/software/case/nodejs/model/entities/Genre.js": {"path":"/Users/halil/Documents/software/case/nodejs/model/entities/Genre.js","statementMap":{"0":{"start":{"line":4,"column":14},"end":{"line":7,"column":2}}},"fnMap":{},"branchMap":{},"s":{"0":4},"f":{},"b":{},"inputSourceMap":null,"_coverageSchema":"1a1c01bbd47fc00a2c39e90264f33305004495a9","hash":"5a1ca0d81667c7f7c73a796eaf64dd76bd90ac13"}
,"/Users/halil/Documents/software/case/nodejs/model/entities/Movie.js": {"path":"/Users/halil/Documents/software/case/nodejs/model/entities/Movie.js","statementMap":{"0":{"start":{"line":4,"column":14},"end":{"line":16,"column":2}}},"fnMap":{},"branchMap":{},"s":{"0":3},"f":{},"b":{},"inputSourceMap":null,"_coverageSchema":"1a1c01bbd47fc00a2c39e90264f33305004495a9","hash":"83e747023a4e0dbc9fadd059cb58eb3e6b6753a7"}
,"/Users/halil/Documents/software/case/nodejs/utilities/Database.js": {"path":"/Users/halil/Documents/software/case/nodejs/utilities/Database.js","statementMap":{"0":{"start":{"line":4,"column":8},"end":{"line":4,"column":23}}},"fnMap":{"0":{"name":"(anonymous_0)","decl":{"start":{"line":3,"column":4},"end":{"line":3,"column":5}},"loc":{"start":{"line":3,"column":25},"end":{"line":5,"column":5}},"line":3}},"branchMap":{},"s":{"0":2},"f":{"0":2},"b":{},"inputSourceMap":null,"_coverageSchema":"1a1c01bbd47fc00a2c39e90264f33305004495a9","hash":"84fc55adfe5f2caaf478e46026c653d06264e26c"}
,"/Users/halil/Documents/software/case/nodejs/view/routes/GenreRoute.js": {"path":"/Users/halil/Documents/software/case/nodejs/view/routes/GenreRoute.js","statementMap":{"0":{"start":{"line":112,"column":15},"end":{"line":112,"column":31}},"1":{"start":{"line":121,"column":0},"end":{"line":151,"column":7}},"2":{"start":{"line":123,"column":19},"end":{"line":127,"column":9}},"3":{"start":{"line":128,"column":8},"end":{"line":128,"column":24}},"4":{"start":{"line":129,"column":8},"end":{"line":129,"column":14}},"5":{"start":{"line":134,"column":8},"end":{"line":134,"column":64}},"6":{"start":{"line":135,"column":8},"end":{"line":135,"column":15}},"7":{"start":{"line":141,"column":21},"end":{"line":141,"column":36}},"8":{"start":{"line":142,"column":8},"end":{"line":144,"column":10}},"9":{"start":{"line":143,"column":40},"end":{"line":143,"column":57}},"10":{"start":{"line":145,"column":8},"end":{"line":145,"column":33}},"11":{"start":{"line":146,"column":8},"end":{"line":146,"column":15}},"12":{"start":{"line":150,"column":8},"end":{"line":150,"column":41}},"13":{"start":{"line":154,"column":0},"end":{"line":171,"column":7}},"14":{"start":{"line":156,"column":19},"end":{"line":158,"column":9}},"15":{"start":{"line":159,"column":25},"end":{"line":159,"column":50}},"16":{"start":{"line":160,"column":8},"end":{"line":162,"column":9}},"17":{"start":{"line":161,"column":12},"end":{"line":161,"column":60}},"18":{"start":{"line":164,"column":8},"end":{"line":164,"column":24}},"19":{"start":{"line":165,"column":8},"end":{"line":165,"column":14}},"20":{"start":{"line":170,"column":8},"end":{"line":170,"column":41}},"21":{"start":{"line":172,"column":0},"end":{"line":188,"column":7}},"22":{"start":{"line":174,"column":19},"end":{"line":176,"column":9}},"23":{"start":{"line":177,"column":25},"end":{"line":177,"column":50}},"24":{"start":{"line":178,"column":8},"end":{"line":180,"column":9}},"25":{"start":{"line":179,"column":12},"end":{"line":179,"column":60}},"26":{"start":{"line":181,"column":8},"end":{"line":181,"column":24}},"27":{"start":{"line":182,"column":8},"end":{"line":182,"column":14}},"28":{"start":{"line":187,"column":8},"end":{"line":187,"column":41}},"29":{"start":{"line":191,"column":0},"end":{"line":201,"column":7}},"30":{"start":{"line":193,"column":19},"end":{"line":194,"column":9}},"31":{"start":{"line":195,"column":8},"end":{"line":195,"column":24}},"32":{"start":{"line":196,"column":8},"end":{"line":196,"column":14}},"33":{"start":{"line":200,"column":8},"end":{"line":200,"column":41}},"34":{"start":{"line":202,"column":0},"end":{"line":213,"column":7}},"35":{"start":{"line":204,"column":19},"end":{"line":206,"column":9}},"36":{"start":{"line":207,"column":8},"end":{"line":207,"column":24}},"37":{"start":{"line":208,"column":8},"end":{"line":208,"column":14}},"38":{"start":{"line":212,"column":8},"end":{"line":212,"column":41}},"39":{"start":{"line":214,"column":0},"end":{"line":230,"column":7}},"40":{"start":{"line":216,"column":19},"end":{"line":218,"column":9}},"41":{"start":{"line":219,"column":25},"end":{"line":219,"column":50}},"42":{"start":{"line":220,"column":8},"end":{"line":222,"column":9}},"43":{"start":{"line":221,"column":12},"end":{"line":221,"column":60}},"44":{"start":{"line":223,"column":8},"end":{"line":223,"column":24}},"45":{"start":{"line":224,"column":8},"end":{"line":224,"column":14}},"46":{"start":{"line":229,"column":8},"end":{"line":229,"column":41}}},"fnMap":{"0":{"name":"(anonymous_0)","decl":{"start":{"line":122,"column":4},"end":{"line":122,"column":5}},"loc":{"start":{"line":122,"column":24},"end":{"line":130,"column":5}},"line":122},"1":{"name":"(anonymous_1)","decl":{"start":{"line":133,"column":4},"end":{"line":133,"column":5}},"loc":{"start":{"line":133,"column":24},"end":{"line":136,"column":5}},"line":133},"2":{"name":"(anonymous_2)","decl":{"start":{"line":139,"column":4},"end":{"line":139,"column":5}},"loc":{"start":{"line":139,"column":24},"end":{"line":147,"column":5}},"line":139},"3":{"name":"(anonymous_3)","decl":{"start":{"line":143,"column":31},"end":{"line":143,"column":32}},"loc":{"start":{"line":143,"column":40},"end":{"line":143,"column":57}},"line":143},"4":{"name":"(anonymous_4)","decl":{"start":{"line":149,"column":4},"end":{"line":149,"column":5}},"loc":{"start":{"line":149,"column":24},"end":{"line":151,"column":5}},"line":149},"5":{"name":"(anonymous_5)","decl":{"start":{"line":155,"column":4},"end":{"line":155,"column":5}},"loc":{"start":{"line":155,"column":24},"end":{"line":166,"column":5}},"line":155},"6":{"name":"(anonymous_6)","decl":{"start":{"line":169,"column":4},"end":{"line":169,"column":5}},"loc":{"start":{"line":169,"column":24},"end":{"line":171,"column":5}},"line":169},"7":{"name":"(anonymous_7)","decl":{"start":{"line":173,"column":4},"end":{"line":173,"column":5}},"loc":{"start":{"line":173,"column":24},"end":{"line":183,"column":5}},"line":173},"8":{"name":"(anonymous_8)","decl":{"start":{"line":186,"column":4},"end":{"line":186,"column":5}},"loc":{"start":{"line":186,"column":24},"end":{"line":188,"column":5}},"line":186},"9":{"name":"(anonymous_9)","decl":{"start":{"line":192,"column":4},"end":{"line":192,"column":5}},"loc":{"start":{"line":192,"column":24},"end":{"line":197,"column":5}},"line":192},"10":{"name":"(anonymous_10)","decl":{"start":{"line":199,"column":4},"end":{"line":199,"column":5}},"loc":{"start":{"line":199,"column":24},"end":{"line":201,"column":5}},"line":199},"11":{"name":"(anonymous_11)","decl":{"start":{"line":203,"column":4},"end":{"line":203,"column":5}},"loc":{"start":{"line":203,"column":24},"end":{"line":209,"column":5}},"line":203},"12":{"name":"(anonymous_12)","decl":{"start":{"line":211,"column":4},"end":{"line":211,"column":5}},"loc":{"start":{"line":211,"column":24},"end":{"line":213,"column":5}},"line":211},"13":{"name":"(anonymous_13)","decl":{"start":{"line":215,"column":4},"end":{"line":215,"column":5}},"loc":{"start":{"line":215,"column":24},"end":{"line":225,"column":5}},"line":215},"14":{"name":"(anonymous_14)","decl":{"start":{"line":228,"column":4},"end":{"line":228,"column":5}},"loc":{"start":{"line":228,"column":24},"end":{"line":230,"column":5}},"line":228}},"branchMap":{"0":{"loc":{"start":{"line":160,"column":8},"end":{"line":162,"column":9}},"type":"if","locations":[{"start":{"line":160,"column":8},"end":{"line":162,"column":9}},{"start":{},"end":{}}],"line":160},"1":{"loc":{"start":{"line":178,"column":8},"end":{"line":180,"column":9}},"type":"if","locations":[{"start":{"line":178,"column":8},"end":{"line":180,"column":9}},{"start":{},"end":{}}],"line":178},"2":{"loc":{"start":{"line":220,"column":8},"end":{"line":222,"column":9}},"type":"if","locations":[{"start":{"line":220,"column":8},"end":{"line":222,"column":9}},{"start":{},"end":{}}],"line":220}},"s":{"0":2,"1":2,"2":1,"3":1,"4":1,"5":1,"6":1,"7":1,"8":1,"9":0,"10":1,"11":1,"12":1,"13":2,"14":4,"15":4,"16":4,"17":4,"18":4,"19":4,"20":1,"21":2,"22":3,"23":3,"24":3,"25":3,"26":3,"27":3,"28":0,"29":2,"30":1,"31":1,"32":1,"33":1,"34":2,"35":1,"36":1,"37":1,"38":1,"39":2,"40":3,"41":3,"42":3,"43":3,"44":3,"45":3,"46":1},"f":{"0":1,"1":1,"2":1,"3":0,"4":1,"5":4,"6":1,"7":3,"8":0,"9":1,"10":1,"11":1,"12":1,"13":3,"14":1},"b":{"0":[4,0],"1":[3,0],"2":[3,0]},"inputSourceMap":null,"_coverageSchema":"1a1c01bbd47fc00a2c39e90264f33305004495a9","hash":"24facff4157b9941522f798d3a76a43bb9f4ccf6"}
,"/Users/halil/Documents/software/case/nodejs/view/routes/HomeRoute.js": {"path":"/Users/halil/Documents/software/case/nodejs/view/routes/HomeRoute.js","statementMap":{"0":{"start":{"line":2,"column":15},"end":{"line":2,"column":31}},"1":{"start":{"line":5,"column":0},"end":{"line":8,"column":7}},"2":{"start":{"line":7,"column":8},"end":{"line":7,"column":34}}},"fnMap":{"0":{"name":"(anonymous_0)","decl":{"start":{"line":6,"column":4},"end":{"line":6,"column":5}},"loc":{"start":{"line":6,"column":24},"end":{"line":8,"column":5}},"line":6}},"branchMap":{},"s":{"0":2,"1":2,"2":0},"f":{"0":0},"b":{},"inputSourceMap":null,"_coverageSchema":"1a1c01bbd47fc00a2c39e90264f33305004495a9","hash":"d3535b5c819da0f8e54965f59319218fec5bbf60"}
,"/Users/halil/Documents/software/case/nodejs/view/routes/MovieRoute.js": {"path":"/Users/halil/Documents/software/case/nodejs/view/routes/MovieRoute.js","statementMap":{"0":{"start":{"line":172,"column":15},"end":{"line":172,"column":31}},"1":{"start":{"line":181,"column":0},"end":{"line":207,"column":7}},"2":{"start":{"line":183,"column":19},"end":{"line":186,"column":9}},"3":{"start":{"line":187,"column":8},"end":{"line":187,"column":24}},"4":{"start":{"line":188,"column":8},"end":{"line":188,"column":14}},"5":{"start":{"line":197,"column":21},"end":{"line":197,"column":36}},"6":{"start":{"line":198,"column":8},"end":{"line":200,"column":10}},"7":{"start":{"line":199,"column":40},"end":{"line":199,"column":57}},"8":{"start":{"line":201,"column":8},"end":{"line":201,"column":33}},"9":{"start":{"line":202,"column":8},"end":{"line":202,"column":15}},"10":{"start":{"line":206,"column":8},"end":{"line":206,"column":41}},"11":{"start":{"line":210,"column":0},"end":{"line":232,"column":7}},"12":{"start":{"line":212,"column":19},"end":{"line":220,"column":9}},"13":{"start":{"line":221,"column":25},"end":{"line":221,"column":50}},"14":{"start":{"line":222,"column":8},"end":{"line":224,"column":9}},"15":{"start":{"line":223,"column":12},"end":{"line":223,"column":60}},"16":{"start":{"line":225,"column":8},"end":{"line":225,"column":24}},"17":{"start":{"line":226,"column":8},"end":{"line":226,"column":14}},"18":{"start":{"line":231,"column":8},"end":{"line":231,"column":41}},"19":{"start":{"line":233,"column":0},"end":{"line":249,"column":7}},"20":{"start":{"line":235,"column":19},"end":{"line":237,"column":9}},"21":{"start":{"line":238,"column":25},"end":{"line":238,"column":50}},"22":{"start":{"line":239,"column":8},"end":{"line":241,"column":9}},"23":{"start":{"line":240,"column":12},"end":{"line":240,"column":60}},"24":{"start":{"line":242,"column":8},"end":{"line":242,"column":24}},"25":{"start":{"line":243,"column":8},"end":{"line":243,"column":14}},"26":{"start":{"line":248,"column":8},"end":{"line":248,"column":41}},"27":{"start":{"line":252,"column":0},"end":{"line":262,"column":7}},"28":{"start":{"line":254,"column":19},"end":{"line":255,"column":9}},"29":{"start":{"line":256,"column":8},"end":{"line":256,"column":24}},"30":{"start":{"line":257,"column":8},"end":{"line":257,"column":14}},"31":{"start":{"line":261,"column":8},"end":{"line":261,"column":41}},"32":{"start":{"line":263,"column":0},"end":{"line":273,"column":7}},"33":{"start":{"line":265,"column":19},"end":{"line":266,"column":9}},"34":{"start":{"line":267,"column":8},"end":{"line":267,"column":24}},"35":{"start":{"line":268,"column":8},"end":{"line":268,"column":14}},"36":{"start":{"line":272,"column":8},"end":{"line":272,"column":41}},"37":{"start":{"line":274,"column":0},"end":{"line":285,"column":7}},"38":{"start":{"line":276,"column":19},"end":{"line":278,"column":9}},"39":{"start":{"line":279,"column":8},"end":{"line":279,"column":24}},"40":{"start":{"line":280,"column":8},"end":{"line":280,"column":14}},"41":{"start":{"line":284,"column":8},"end":{"line":284,"column":41}},"42":{"start":{"line":286,"column":0},"end":{"line":302,"column":7}},"43":{"start":{"line":288,"column":19},"end":{"line":290,"column":9}},"44":{"start":{"line":291,"column":25},"end":{"line":291,"column":50}},"45":{"start":{"line":292,"column":8},"end":{"line":294,"column":9}},"46":{"start":{"line":293,"column":12},"end":{"line":293,"column":60}},"47":{"start":{"line":295,"column":8},"end":{"line":295,"column":24}},"48":{"start":{"line":296,"column":8},"end":{"line":296,"column":14}},"49":{"start":{"line":301,"column":8},"end":{"line":301,"column":41}},"50":{"start":{"line":303,"column":0},"end":{"line":319,"column":7}},"51":{"start":{"line":305,"column":19},"end":{"line":307,"column":9}},"52":{"start":{"line":308,"column":25},"end":{"line":308,"column":50}},"53":{"start":{"line":309,"column":8},"end":{"line":311,"column":9}},"54":{"start":{"line":310,"column":12},"end":{"line":310,"column":60}},"55":{"start":{"line":312,"column":8},"end":{"line":312,"column":24}},"56":{"start":{"line":313,"column":8},"end":{"line":313,"column":14}},"57":{"start":{"line":318,"column":8},"end":{"line":318,"column":41}}},"fnMap":{"0":{"name":"(anonymous_0)","decl":{"start":{"line":182,"column":4},"end":{"line":182,"column":5}},"loc":{"start":{"line":182,"column":24},"end":{"line":189,"column":5}},"line":182},"1":{"name":"(anonymous_1)","decl":{"start":{"line":195,"column":4},"end":{"line":195,"column":5}},"loc":{"start":{"line":195,"column":24},"end":{"line":203,"column":5}},"line":195},"2":{"name":"(anonymous_2)","decl":{"start":{"line":199,"column":31},"end":{"line":199,"column":32}},"loc":{"start":{"line":199,"column":40},"end":{"line":199,"column":57}},"line":199},"3":{"name":"(anonymous_3)","decl":{"start":{"line":205,"column":4},"end":{"line":205,"column":5}},"loc":{"start":{"line":205,"column":24},"end":{"line":207,"column":5}},"line":205},"4":{"name":"(anonymous_4)","decl":{"start":{"line":211,"column":4},"end":{"line":211,"column":5}},"loc":{"start":{"line":211,"column":24},"end":{"line":227,"column":5}},"line":211},"5":{"name":"(anonymous_5)","decl":{"start":{"line":230,"column":4},"end":{"line":230,"column":5}},"loc":{"start":{"line":230,"column":24},"end":{"line":232,"column":5}},"line":230},"6":{"name":"(anonymous_6)","decl":{"start":{"line":234,"column":4},"end":{"line":234,"column":5}},"loc":{"start":{"line":234,"column":24},"end":{"line":244,"column":5}},"line":234},"7":{"name":"(anonymous_7)","decl":{"start":{"line":247,"column":4},"end":{"line":247,"column":5}},"loc":{"start":{"line":247,"column":24},"end":{"line":249,"column":5}},"line":247},"8":{"name":"(anonymous_8)","decl":{"start":{"line":253,"column":4},"end":{"line":253,"column":5}},"loc":{"start":{"line":253,"column":24},"end":{"line":258,"column":5}},"line":253},"9":{"name":"(anonymous_9)","decl":{"start":{"line":260,"column":4},"end":{"line":260,"column":5}},"loc":{"start":{"line":260,"column":24},"end":{"line":262,"column":5}},"line":260},"10":{"name":"(anonymous_10)","decl":{"start":{"line":264,"column":4},"end":{"line":264,"column":5}},"loc":{"start":{"line":264,"column":24},"end":{"line":269,"column":5}},"line":264},"11":{"name":"(anonymous_11)","decl":{"start":{"line":271,"column":4},"end":{"line":271,"column":5}},"loc":{"start":{"line":271,"column":24},"end":{"line":273,"column":5}},"line":271},"12":{"name":"(anonymous_12)","decl":{"start":{"line":275,"column":4},"end":{"line":275,"column":5}},"loc":{"start":{"line":275,"column":24},"end":{"line":281,"column":5}},"line":275},"13":{"name":"(anonymous_13)","decl":{"start":{"line":283,"column":4},"end":{"line":283,"column":5}},"loc":{"start":{"line":283,"column":24},"end":{"line":285,"column":5}},"line":283},"14":{"name":"(anonymous_14)","decl":{"start":{"line":287,"column":4},"end":{"line":287,"column":5}},"loc":{"start":{"line":287,"column":24},"end":{"line":297,"column":5}},"line":287},"15":{"name":"(anonymous_15)","decl":{"start":{"line":300,"column":4},"end":{"line":300,"column":5}},"loc":{"start":{"line":300,"column":24},"end":{"line":302,"column":5}},"line":300},"16":{"name":"(anonymous_16)","decl":{"start":{"line":304,"column":4},"end":{"line":304,"column":5}},"loc":{"start":{"line":304,"column":24},"end":{"line":314,"column":5}},"line":304},"17":{"name":"(anonymous_17)","decl":{"start":{"line":317,"column":4},"end":{"line":317,"column":5}},"loc":{"start":{"line":317,"column":24},"end":{"line":319,"column":5}},"line":317}},"branchMap":{"0":{"loc":{"start":{"line":222,"column":8},"end":{"line":224,"column":9}},"type":"if","locations":[{"start":{"line":222,"column":8},"end":{"line":224,"column":9}},{"start":{},"end":{}}],"line":222},"1":{"loc":{"start":{"line":239,"column":8},"end":{"line":241,"column":9}},"type":"if","locations":[{"start":{"line":239,"column":8},"end":{"line":241,"column":9}},{"start":{},"end":{}}],"line":239},"2":{"loc":{"start":{"line":292,"column":8},"end":{"line":294,"column":9}},"type":"if","locations":[{"start":{"line":292,"column":8},"end":{"line":294,"column":9}},{"start":{},"end":{}}],"line":292},"3":{"loc":{"start":{"line":309,"column":8},"end":{"line":311,"column":9}},"type":"if","locations":[{"start":{"line":309,"column":8},"end":{"line":311,"column":9}},{"start":{},"end":{}}],"line":309}},"s":{"0":2,"1":2,"2":1,"3":1,"4":1,"5":1,"6":1,"7":20,"8":1,"9":1,"10":1,"11":2,"12":4,"13":4,"14":4,"15":4,"16":4,"17":4,"18":1,"19":2,"20":3,"21":3,"22":3,"23":3,"24":3,"25":3,"26":0,"27":2,"28":1,"29":1,"30":1,"31":1,"32":2,"33":1,"34":1,"35":1,"36":1,"37":2,"38":1,"39":1,"40":1,"41":1,"42":2,"43":3,"44":3,"45":3,"46":3,"47":3,"48":3,"49":1,"50":2,"51":1,"52":1,"53":1,"54":1,"55":1,"56":1,"57":1},"f":{"0":1,"1":1,"2":20,"3":1,"4":4,"5":1,"6":3,"7":0,"8":1,"9":1,"10":1,"11":1,"12":1,"13":1,"14":3,"15":1,"16":1,"17":1},"b":{"0":[4,0],"1":[3,0],"2":[3,0],"3":[1,0]},"inputSourceMap":null,"_coverageSchema":"1a1c01bbd47fc00a2c39e90264f33305004495a9","hash":"12d5960733948871f4b74cbf53fb7c192c97d3ad"}
}
