TN:
SF:app.js
FN:57,(anonymous_0)
FN:63,(anonymous_1)
FN:72,(anonymous_2)
FNF:3
FNH:3
FNDA:1,(anonymous_0)
FNDA:3,(anonymous_1)
FNDA:1,(anonymous_2)
DA:8,2
DA:9,2
DA:10,2
DA:12,2
DA:20,2
DA:37,2
DA:39,2
DA:40,2
DA:43,2
DA:44,2
DA:45,2
DA:48,2
DA:53,2
DA:54,2
DA:57,2
DA:58,1
DA:59,1
DA:63,2
DA:65,3
DA:66,3
DA:69,3
DA:72,2
DA:73,1
DA:74,1
LF:24
LH:24
BRDA:10,0,0,2
BRDA:10,0,1,2
BRDA:65,1,0,3
BRDA:65,1,1,0
BRF:4
BRH:3
end_of_record
TN:
SF:swagger.js
FNF:0
FNH:0
DA:3,2
DA:15,2
LF:2
LH:2
BRF:0
BRH:0
end_of_record
TN:
SF:controller/constants/LanguageConstant.js
FNF:0
FNH:0
DA:2,2
DA:3,2
DA:4,2
LF:3
LH:3
BRF:0
BRH:0
end_of_record
TN:
SF:controller/constants/apiConstants/CongifurationConstant.js
FNF:0
FNH:0
DA:2,2
DA:3,2
DA:4,2
DA:6,2
DA:7,2
DA:8,2
DA:9,2
DA:10,2
DA:12,2
DA:13,2
DA:14,2
DA:15,2
DA:16,2
LF:13
LH:13
BRF:0
BRH:0
end_of_record
TN:
SF:controller/constants/apiConstants/ModelConstant.js
FNF:0
FNH:0
DA:2,5
DA:3,5
DA:4,5
LF:3
LH:3
BRF:0
BRH:0
end_of_record
TN:
SF:controller/constants/apiConstants/RouteConstant.js
FNF:0
FNH:0
DA:2,2
DA:3,2
LF:2
LH:2
BRF:0
BRH:0
end_of_record
TN:
SF:controller/constants/logConstants/ErrorLogConstant.js
FNF:0
FNH:0
DA:2,2
DA:3,2
DA:4,2
DA:5,2
DA:6,2
DA:7,2
DA:8,2
DA:10,2
DA:11,2
DA:12,2
DA:13,2
DA:14,2
DA:15,2
DA:16,2
DA:18,2
DA:19,2
DA:20,2
DA:22,2
LF:18
LH:18
BRF:0
BRH:0
end_of_record
TN:
SF:controller/constants/logConstants/LogTypeConstant.js
FNF:0
FNH:0
DA:2,2
DA:3,2
LF:2
LH:2
BRF:0
BRH:0
end_of_record
TN:
SF:controller/constants/logConstants/SuccessLogConstant.js
FNF:0
FNH:0
DA:2,2
DA:3,2
DA:4,2
DA:6,2
DA:7,2
DA:8,2
DA:10,2
DA:11,2
DA:12,2
DA:14,2
DA:15,2
LF:11
LH:11
BRF:0
BRH:0
end_of_record
TN:
SF:controller/constants/messageConstants/GenreMessageConstant.js
FNF:0
FNH:0
DA:2,2
DA:7,2
DA:12,2
LF:3
LH:3
BRF:0
BRH:0
end_of_record
TN:
SF:controller/constants/messageConstants/MovieMessageConstant.js
FNF:0
FNH:0
DA:2,2
DA:7,2
DA:12,2
DA:16,2
DA:21,2
DA:25,2
DA:30,2
DA:34,2
DA:39,2
DA:44,2
DA:49,2
LF:11
LH:11
BRF:0
BRH:0
end_of_record
TN:
SF:controller/controllers/GenreController.js
FN:10,(anonymous_0)
FN:12,(anonymous_1)
FN:17,(anonymous_2)
FN:21,(anonymous_3)
FN:35,(anonymous_4)
FN:38,(anonymous_5)
FN:42,(anonymous_6)
FN:55,(anonymous_7)
FN:58,(anonymous_8)
FN:66,(anonymous_9)
FN:81,(anonymous_10)
FN:84,(anonymous_11)
FN:89,(anonymous_12)
FN:94,(anonymous_13)
FN:97,(anonymous_14)
FN:105,(anonymous_15)
FN:110,(anonymous_16)
FN:112,(anonymous_17)
FN:117,(anonymous_18)
FNF:19
FNH:14
FNDA:0,(anonymous_0)
FNDA:2,(anonymous_1)
FNDA:1,(anonymous_2)
FNDA:1,(anonymous_3)
FNDA:1,(anonymous_4)
FNDA:1,(anonymous_5)
FNDA:0,(anonymous_6)
FNDA:2,(anonymous_7)
FNDA:1,(anonymous_8)
FNDA:1,(anonymous_9)
FNDA:1,(anonymous_10)
FNDA:1,(anonymous_11)
FNDA:0,(anonymous_12)
FNDA:2,(anonymous_13)
FNDA:2,(anonymous_14)
FNDA:0,(anonymous_15)
FNDA:3,(anonymous_16)
FNDA:3,(anonymous_17)
FNDA:0,(anonymous_18)
DA:8,2
DA:13,2
DA:16,2
DA:18,1
DA:19,1
DA:22,1
DA:30,1
DA:31,1
DA:32,1
DA:36,1
DA:37,1
DA:39,1
DA:40,1
DA:43,0
DA:51,0
DA:52,0
DA:56,2
DA:57,2
DA:59,1
DA:60,1
DA:61,1
DA:63,0
DA:64,0
DA:67,1
DA:75,1
DA:76,1
DA:82,1
DA:83,1
DA:85,1
DA:86,1
DA:87,1
DA:90,0
DA:91,0
DA:95,2
DA:96,2
DA:98,2
DA:99,1
DA:100,1
DA:102,1
DA:103,1
DA:106,0
DA:107,0
DA:111,3
DA:113,3
DA:114,3
DA:115,3
DA:118,0
DA:119,0
LF:48
LH:37
BRDA:59,0,0,1
BRDA:59,0,1,0
BRDA:98,1,0,1
BRDA:98,1,1,1
BRF:4
BRH:3
end_of_record
TN:
SF:controller/controllers/MovieController.js
FN:10,(anonymous_0)
FN:12,(anonymous_1)
FN:23,(anonymous_2)
FN:27,(anonymous_3)
FN:40,(anonymous_4)
FN:43,(anonymous_5)
FN:47,(anonymous_6)
FN:60,(anonymous_7)
FN:63,(anonymous_8)
FN:71,(anonymous_9)
FN:86,(anonymous_10)
FN:89,(anonymous_11)
FN:97,(anonymous_12)
FN:102,(anonymous_13)
FN:105,(anonymous_14)
FN:113,(anonymous_15)
FN:118,(anonymous_16)
FN:120,(anonymous_17)
FN:124,(anonymous_18)
FN:130,(anonymous_19)
FN:132,(anonymous_20)
FN:136,(anonymous_21)
FN:142,(anonymous_22)
FN:145,(anonymous_23)
FN:149,(anonymous_24)
FNF:25
FNH:18
FNDA:0,(anonymous_0)
FNDA:2,(anonymous_1)
FNDA:1,(anonymous_2)
FNDA:1,(anonymous_3)
FNDA:1,(anonymous_4)
FNDA:1,(anonymous_5)
FNDA:0,(anonymous_6)
FNDA:2,(anonymous_7)
FNDA:1,(anonymous_8)
FNDA:1,(anonymous_9)
FNDA:2,(anonymous_10)
FNDA:2,(anonymous_11)
FNDA:0,(anonymous_12)
FNDA:1,(anonymous_13)
FNDA:1,(anonymous_14)
FNDA:0,(anonymous_15)
FNDA:2,(anonymous_16)
FNDA:2,(anonymous_17)
FNDA:0,(anonymous_18)
FNDA:1,(anonymous_19)
FNDA:1,(anonymous_20)
FNDA:0,(anonymous_21)
FNDA:1,(anonymous_22)
FNDA:1,(anonymous_23)
FNDA:0,(anonymous_24)
DA:8,2
DA:13,2
DA:22,2
DA:24,1
DA:25,1
DA:28,1
DA:36,1
DA:37,1
DA:41,1
DA:42,1
DA:44,1
DA:45,1
DA:48,0
DA:56,0
DA:57,0
DA:61,2
DA:62,2
DA:64,1
DA:65,1
DA:66,1
DA:68,0
DA:69,0
DA:72,1
DA:80,1
DA:81,1
DA:87,2
DA:88,2
DA:90,2
DA:91,1
DA:92,1
DA:94,1
DA:95,1
DA:98,0
DA:99,0
DA:103,1
DA:104,1
DA:106,1
DA:107,0
DA:108,0
DA:110,1
DA:111,1
DA:114,0
DA:115,0
DA:119,2
DA:121,2
DA:122,2
DA:125,0
DA:126,0
DA:131,1
DA:133,1
DA:134,1
DA:137,0
DA:138,0
DA:143,1
DA:144,1
DA:146,1
DA:147,1
DA:150,0
DA:151,0
LF:59
LH:42
BRDA:64,0,0,1
BRDA:64,0,1,0
BRDA:90,1,0,1
BRDA:90,1,1,1
BRDA:106,2,0,0
BRDA:106,2,1,1
BRDA:143,3,0,1
BRDA:143,3,1,0
BRF:8
BRH:5
end_of_record
TN:
SF:controller/dataAccess/contexts/MongoDbContext.js
FN:4,(anonymous_0)
FN:6,(anonymous_1)
FN:9,(anonymous_2)
FNF:3
FNH:2
FNDA:2,(anonymous_0)
FNDA:2,(anonymous_1)
FNDA:0,(anonymous_2)
DA:4,2
DA:5,2
DA:7,2
LF:3
LH:3
BRF:0
BRH:0
end_of_record
TN:
SF:controller/dataAccess/services/GenreService.js
FN:5,(anonymous_0)
FN:9,(anonymous_1)
FNF:2
FNH:2
FNDA:8,(anonymous_0)
FNDA:2,(anonymous_1)
DA:6,8
DA:10,2
LF:2
LH:2
BRF:0
BRH:0
end_of_record
TN:
SF:controller/dataAccess/services/MovieService.js
FN:5,(anonymous_0)
FN:9,(anonymous_1)
FN:13,(anonymous_2)
FN:17,(anonymous_3)
FN:24,(anonymous_4)
FNF:5
FNH:5
FNDA:10,(anonymous_0)
FNDA:2,(anonymous_1)
FNDA:2,(anonymous_2)
FNDA:4,(anonymous_3)
FNDA:2,(anonymous_4)
DA:6,10
DA:10,2
DA:14,2
DA:18,4
DA:21,4
DA:25,2
DA:28,2
LF:7
LH:7
BRF:0
BRH:0
end_of_record
TN:
SF:controller/logging/FileLogger.js
FN:5,(anonymous_0)
FN:11,(anonymous_1)
FNF:2
FNH:2
FNDA:3,(anonymous_0)
FNDA:3,(anonymous_1)
DA:3,2
DA:6,3
DA:7,3
DA:12,3
DA:13,3
LF:5
LH:5
BRF:0
BRH:0
end_of_record
TN:
SF:controller/middlewares/TMDB.js
FN:7,(anonymous_0)
FN:8,(anonymous_1)
FN:19,(anonymous_2)
FN:21,(anonymous_3)
FN:32,(anonymous_4)
FN:35,(anonymous_5)
FN:36,(anonymous_6)
FN:42,(anonymous_7)
FN:45,(anonymous_8)
FN:46,(anonymous_9)
FN:52,(anonymous_10)
FN:58,(anonymous_11)
FN:58,(anonymous_12)
FNF:13
FNH:12
FNDA:1,(anonymous_0)
FNDA:1,(anonymous_1)
FNDA:2,(anonymous_2)
FNDA:2,(anonymous_3)
FNDA:1,(anonymous_4)
FNDA:35,(anonymous_5)
FNDA:442,(anonymous_6)
FNDA:1,(anonymous_7)
FNDA:20,(anonymous_8)
FNDA:0,(anonymous_9)
FNDA:1,(anonymous_10)
FNDA:4780,(anonymous_11)
FNDA:54,(anonymous_12)
DA:8,1
DA:9,1
DA:10,0
DA:11,0
DA:13,1
DA:14,1
DA:15,1
DA:16,1
DA:20,2
DA:21,2
DA:22,2
DA:23,0
DA:24,0
DA:26,2
DA:27,2
DA:28,2
DA:29,2
DA:33,1
DA:34,1
DA:35,1
DA:36,442
DA:38,1
DA:39,1
DA:40,1
DA:43,1
DA:44,1
DA:45,1
DA:46,20
DA:48,1
DA:49,1
DA:50,1
DA:53,1
DA:54,1
DA:55,1
DA:56,1
DA:57,20
DA:58,4780
DA:59,20
DA:69,20
DA:71,1
DA:72,1
DA:73,1
LF:42
LH:38
BRDA:9,0,0,0
BRDA:9,0,1,1
BRDA:22,1,0,0
BRDA:22,1,1,2
BRF:4
BRH:2
end_of_record
TN:
SF:controller/validators/GenreValidator.js
FN:7,(anonymous_0)
FN:9,(anonymous_1)
FN:18,(anonymous_2)
FN:33,(anonymous_3)
FNF:4
FNH:3
FNDA:0,(anonymous_0)
FNDA:4,(anonymous_1)
FNDA:4,(anonymous_2)
FNDA:6,(anonymous_3)
DA:10,4
DA:15,4
DA:19,4
DA:20,4
DA:21,4
DA:23,4
DA:24,7
DA:25,7
DA:26,2
DA:29,2
DA:30,2
DA:34,6
DA:35,6
DA:36,6
DA:37,6
DA:38,4
DA:40,2
DA:41,2
LF:18
LH:18
BRDA:25,0,0,2
BRDA:25,0,1,5
BRDA:37,1,0,4
BRDA:37,1,1,2
BRF:4
BRH:4
end_of_record
TN:
SF:controller/validators/MovieValidator.js
FN:7,(anonymous_0)
FN:9,(anonymous_1)
FN:40,(anonymous_2)
FN:55,(anonymous_3)
FNF:4
FNH:3
FNDA:0,(anonymous_0)
FNDA:4,(anonymous_1)
FNDA:4,(anonymous_2)
FNDA:7,(anonymous_3)
DA:10,4
DA:37,4
DA:41,4
DA:42,4
DA:43,4
DA:45,4
DA:46,31
DA:47,31
DA:48,2
DA:51,2
DA:52,2
DA:56,7
DA:57,7
DA:58,7
DA:59,7
DA:60,5
DA:62,2
DA:63,2
LF:18
LH:18
BRDA:47,0,0,2
BRDA:47,0,1,29
BRDA:59,1,0,5
BRDA:59,1,1,2
BRF:4
BRH:4
end_of_record
TN:
SF:controller/validators/ValidatorHelper.js
FN:2,(anonymous_0)
FN:4,(anonymous_1)
FN:11,(anonymous_2)
FN:18,(anonymous_3)
FNF:4
FNH:3
FNDA:0,(anonymous_0)
FNDA:24,(anonymous_1)
FNDA:4,(anonymous_2)
FNDA:13,(anonymous_3)
DA:5,24
DA:6,10
DA:8,14
DA:12,4
DA:13,2
DA:15,2
DA:19,13
DA:20,4
DA:22,9
LF:9
LH:9
BRDA:5,0,0,10
BRDA:5,0,1,14
BRDA:5,1,0,24
BRDA:5,1,1,24
BRDA:12,2,0,2
BRDA:12,2,1,2
BRDA:12,3,0,4
BRDA:12,3,1,2
BRDA:19,4,0,4
BRDA:19,4,1,9
BRDA:19,5,0,13
BRDA:19,5,1,13
BRF:12
BRH:12
end_of_record
TN:
SF:core/dataAccess/mongoose/RepositoryBase.js
FN:2,(anonymous_0)
FN:6,(anonymous_1)
FN:11,(anonymous_2)
FN:15,(anonymous_3)
FN:19,(anonymous_4)
FN:23,(anonymous_5)
FN:28,(anonymous_6)
FNF:7
FNH:7
FNDA:24,(anonymous_0)
FNDA:7,(anonymous_1)
FNDA:7,(anonymous_2)
FNDA:1,(anonymous_3)
FNDA:8,(anonymous_4)
FNDA:11,(anonymous_5)
FNDA:7,(anonymous_6)
DA:3,24
DA:7,7
DA:8,7
DA:12,7
DA:16,1
DA:20,8
DA:24,11
DA:25,11
DA:29,7
DA:30,7
LF:10
LH:10
BRF:0
BRH:0
end_of_record
TN:
SF:core/entities/DataResult.js
FN:3,(anonymous_0)
FNF:1
FNH:1
FNDA:19,(anonymous_0)
DA:4,19
DA:5,19
LF:2
LH:2
BRF:0
BRH:0
end_of_record
TN:
SF:core/entities/Result.js
FN:2,(anonymous_0)
FNF:1
FNH:1
FNDA:101,(anonymous_0)
DA:3,101
DA:4,101
LF:2
LH:2
BRF:0
BRH:0
end_of_record
TN:
SF:model/entities/Genre.js
FNF:0
FNH:0
DA:4,4
LF:1
LH:1
BRF:0
BRH:0
end_of_record
TN:
SF:model/entities/Movie.js
FNF:0
FNH:0
DA:4,3
LF:1
LH:1
BRF:0
BRH:0
end_of_record
TN:
SF:utilities/Database.js
FN:3,(anonymous_0)
FNF:1
FNH:1
FNDA:2,(anonymous_0)
DA:4,2
LF:1
LH:1
BRF:0
BRH:0
end_of_record
TN:
SF:view/routes/GenreRoute.js
FN:122,(anonymous_0)
FN:133,(anonymous_1)
FN:139,(anonymous_2)
FN:143,(anonymous_3)
FN:149,(anonymous_4)
FN:155,(anonymous_5)
FN:169,(anonymous_6)
FN:173,(anonymous_7)
FN:186,(anonymous_8)
FN:192,(anonymous_9)
FN:199,(anonymous_10)
FN:203,(anonymous_11)
FN:211,(anonymous_12)
FN:215,(anonymous_13)
FN:228,(anonymous_14)
FNF:15
FNH:13
FNDA:1,(anonymous_0)
FNDA:1,(anonymous_1)
FNDA:1,(anonymous_2)
FNDA:0,(anonymous_3)
FNDA:1,(anonymous_4)
FNDA:4,(anonymous_5)
FNDA:1,(anonymous_6)
FNDA:3,(anonymous_7)
FNDA:0,(anonymous_8)
FNDA:1,(anonymous_9)
FNDA:1,(anonymous_10)
FNDA:1,(anonymous_11)
FNDA:1,(anonymous_12)
FNDA:3,(anonymous_13)
FNDA:1,(anonymous_14)
DA:112,2
DA:121,2
DA:123,1
DA:128,1
DA:129,1
DA:134,1
DA:135,1
DA:141,1
DA:142,1
DA:143,0
DA:145,1
DA:146,1
DA:150,1
DA:154,2
DA:156,4
DA:159,4
DA:160,4
DA:161,4
DA:164,4
DA:165,4
DA:170,1
DA:172,2
DA:174,3
DA:177,3
DA:178,3
DA:179,3
DA:181,3
DA:182,3
DA:187,0
DA:191,2
DA:193,1
DA:195,1
DA:196,1
DA:200,1
DA:202,2
DA:204,1
DA:207,1
DA:208,1
DA:212,1
DA:214,2
DA:216,3
DA:219,3
DA:220,3
DA:221,3
DA:223,3
DA:224,3
DA:229,1
LF:47
LH:45
BRDA:160,0,0,4
BRDA:160,0,1,0
BRDA:178,1,0,3
BRDA:178,1,1,0
BRDA:220,2,0,3
BRDA:220,2,1,0
BRF:6
BRH:3
end_of_record
TN:
SF:view/routes/HomeRoute.js
FN:6,(anonymous_0)
FNF:1
FNH:0
FNDA:0,(anonymous_0)
DA:2,2
DA:5,2
DA:7,0
LF:3
LH:2
BRF:0
BRH:0
end_of_record
TN:
SF:view/routes/MovieRoute.js
FN:182,(anonymous_0)
FN:195,(anonymous_1)
FN:199,(anonymous_2)
FN:205,(anonymous_3)
FN:211,(anonymous_4)
FN:230,(anonymous_5)
FN:234,(anonymous_6)
FN:247,(anonymous_7)
FN:253,(anonymous_8)
FN:260,(anonymous_9)
FN:264,(anonymous_10)
FN:271,(anonymous_11)
FN:275,(anonymous_12)
FN:283,(anonymous_13)
FN:287,(anonymous_14)
FN:300,(anonymous_15)
FN:304,(anonymous_16)
FN:317,(anonymous_17)
FNF:18
FNH:17
FNDA:1,(anonymous_0)
FNDA:1,(anonymous_1)
FNDA:20,(anonymous_2)
FNDA:1,(anonymous_3)
FNDA:4,(anonymous_4)
FNDA:1,(anonymous_5)
FNDA:3,(anonymous_6)
FNDA:0,(anonymous_7)
FNDA:1,(anonymous_8)
FNDA:1,(anonymous_9)
FNDA:1,(anonymous_10)
FNDA:1,(anonymous_11)
FNDA:1,(anonymous_12)
FNDA:1,(anonymous_13)
FNDA:3,(anonymous_14)
FNDA:1,(anonymous_15)
FNDA:1,(anonymous_16)
FNDA:1,(anonymous_17)
DA:172,2
DA:181,2
DA:183,1
DA:187,1
DA:188,1
DA:197,1
DA:198,1
DA:199,20
DA:201,1
DA:202,1
DA:206,1
DA:210,2
DA:212,4
DA:221,4
DA:222,4
DA:223,4
DA:225,4
DA:226,4
DA:231,1
DA:233,2
DA:235,3
DA:238,3
DA:239,3
DA:240,3
DA:242,3
DA:243,3
DA:248,0
DA:252,2
DA:254,1
DA:256,1
DA:257,1
DA:261,1
DA:263,2
DA:265,1
DA:267,1
DA:268,1
DA:272,1
DA:274,2
DA:276,1
DA:279,1
DA:280,1
DA:284,1
DA:286,2
DA:288,3
DA:291,3
DA:292,3
DA:293,3
DA:295,3
DA:296,3
DA:301,1
DA:303,2
DA:305,1
DA:308,1
DA:309,1
DA:310,1
DA:312,1
DA:313,1
DA:318,1
LF:58
LH:57
BRDA:222,0,0,4
BRDA:222,0,1,0
BRDA:239,1,0,3
BRDA:239,1,1,0
BRDA:292,2,0,3
BRDA:292,2,1,0
BRDA:309,3,0,1
BRDA:309,3,1,0
BRF:8
BRH:4
end_of_record
