TN:
SF:controller/constants/apiConstants/ModelConstant.js
FNF:0
FNH:0
DA:2,3
DA:3,3
DA:4,3
LF:3
LH:3
BRF:0
BRH:0
end_of_record
TN:
SF:controller/dataAccess/services/GenreService.js
FN:5,(anonymous_0)
FN:9,(anonymous_1)
FNF:2
FNH:2
FNDA:5,(anonymous_0)
FNDA:1,(anonymous_1)
DA:6,5
DA:10,1
LF:2
LH:2
BRF:0
BRH:0
end_of_record
TN:
SF:controller/dataAccess/services/MovieService.js
FN:5,(anonymous_0)
FN:9,(anonymous_1)
FN:13,(anonymous_2)
FN:19,(anonymous_3)
FN:25,(anonymous_4)
FNF:5
FNH:4
FNDA:7,(anonymous_0)
FNDA:1,(anonymous_1)
FNDA:1,(anonymous_2)
FNDA:0,(anonymous_3)
FNDA:1,(anonymous_4)
DA:6,7
DA:10,1
DA:14,1
DA:17,1
DA:20,0
DA:23,0
DA:26,1
DA:29,1
LF:8
LH:6
BRF:0
BRH:0
end_of_record
TN:
SF:core/dataAccess/mongoose/RepositoryBase.js
FN:2,(anonymous_0)
FN:6,(anonymous_1)
FN:11,(anonymous_2)
FN:15,(anonymous_3)
FN:19,(anonymous_4)
FN:24,(anonymous_5)
FN:29,(anonymous_6)
FNF:7
FNH:6
FNDA:17,(anonymous_0)
FNDA:3,(anonymous_1)
FNDA:3,(anonymous_2)
FNDA:1,(anonymous_3)
FNDA:3,(anonymous_4)
FNDA:0,(anonymous_5)
FNDA:3,(anonymous_6)
DA:3,17
DA:7,3
DA:8,3
DA:12,3
DA:16,1
DA:20,3
DA:21,3
DA:25,0
DA:26,0
DA:30,3
DA:31,3
LF:11
LH:9
BRF:0
BRH:0
end_of_record
TN:
SF:model/entities/Genre.js
FNF:0
FNH:0
DA:4,2
LF:1
LH:1
BRF:0
BRH:0
end_of_record
TN:
SF:model/entities/Movie.js
FNF:0
FNH:0
DA:4,1
LF:1
LH:1
BRF:0
BRH:0
end_of_record
